#
# A fatal error has been detected by the Java Runtime Environment:
#
#  EXCEPTION_ACCESS_VIOLATION (0xc0000005) at pc=0x00007ffd769c51bf, pid=16652, tid=19740
#
# JRE version: OpenJDK Runtime Environment (11.0.11+9) (build 11.0.11+9-b60-7590822)
# Java VM: OpenJDK 64-Bit Server VM (11.0.11+9-b60-7590822, mixed mode, tiered, compressed oops, g1 gc, windows-amd64)
# Problematic frame:
# V  [jvm.dll+0x1151bf]
#
# No core dump will be written. Minidumps are not enabled by default on client versions of Windows
#
# If you would like to submit a bug report, please visit:
#   https://bugreport.java.com/bugreport/crash.jsp
#

---------------  S U M M A R Y ------------

Command Line: --add-opens=java.base/java.util=ALL-UNNAMED --add-opens=java.base/java.lang=ALL-UNNAMED --add-opens=java.base/java.lang.invoke=ALL-UNNAMED --add-opens=java.base/java.util=ALL-UNNAMED --add-opens=java.prefs/java.util.prefs=ALL-UNNAMED --add-opens=java.prefs/java.util.prefs=ALL-UNNAMED --add-opens=java.base/java.nio.charset=ALL-UNNAMED --add-opens=java.base/java.net=ALL-UNNAMED --add-opens=java.base/java.util.concurrent.atomic=ALL-UNNAMED -XX:MaxMetaspaceSize=256m -XX:+HeapDumpOnOutOfMemoryError -Xms256m -Xmx512m -Dfile.encoding=windows-1252 -Duser.country=IN -Duser.language=en -Duser.variant org.gradle.launcher.daemon.bootstrap.GradleDaemon 7.0.2

Host: Intel(R) Core(TM) i3-1005G1 CPU @ 1.20GHz, 4 cores, 7G,  Windows 10 , 64 bit Build 22000 (10.0.22000.434)
Time: Thu Feb 24 22:00:18 2022 India Standard Time elapsed time: 8745.881954 seconds (0d 2h 25m 45s)

---------------  T H R E A D  ---------------

Current thread (0x0000029567a1e000):  JavaThread "C2 CompilerThread0" daemon [_thread_in_native, id=19740, stack(0x000000cf26700000,0x000000cf26800000)]


Current CompileTask:
C2:8745882 42211       4       java.io.ObjectInputStream::readFields (74 bytes)

Stack: [0x000000cf26700000,0x000000cf26800000],  sp=0x000000cf267fb9f0,  free space=1006k
Native frames: (J=compiled Java code, j=interpreted, Vv=VM code, C=native code)
V  [jvm.dll+0x1151bf]
V  [jvm.dll+0x1155f6]
V  [jvm.dll+0x115014]
V  [jvm.dll+0x5f7819]
V  [jvm.dll+0x1fc533]
V  [jvm.dll+0x1fb3d4]
V  [jvm.dll+0x183d6c]
V  [jvm.dll+0x209a57]
V  [jvm.dll+0x2082a1]
V  [jvm.dll+0x6ef58f]
V  [jvm.dll+0x6e80b5]
V  [jvm.dll+0x5f1036]
C  [ucrtbase.dll+0x26c0c]
C  [KERNEL32.DLL+0x154e0]
C  [ntdll.dll+0x485b]


siginfo: EXCEPTION_ACCESS_VIOLATION (0xc0000005), reading address 0xffffffffffffffff


Register to memory mapping:

RIP=0x00007ffd769c51bf jvm.dll
RAX=0x000002956fa48d88 points into unknown readable memory: 0x000002956ae78858 | 58 88 e7 6a 95 02 00 00
RBX=0x00000000000012a0 is an unknown value
RCX=0x010002956da4f390 is an unknown value
RDX=0x000002956c63cb40 points into unknown readable memory: 0x00000000c0c10000 | 00 00 c1 c0 00 00 00 00
RSP=0x000000cf267fb9f0 is pointing into the stack for thread: 0x0000029567a1e000
RBP=0x0000000000000254 is an unknown value
RSI=0x000000000000024c is an unknown value
RDI=0x010002956da4f390 is an unknown value
R8 =0x0000000000000264 is an unknown value
R9 =0x00007ffd768b0000 jvm.dll
R10=0x0000000000000002 is an unknown value
R11=0x0000000000000020 is an unknown value
R12=0x000002956c75c128 points into unknown readable memory: 0x00007ffd770564a8 | a8 64 05 77 fd 7f 00 00
R13=0x0000000000100000 is an unknown value
R14=0x000002956a4874f0 points into unknown readable memory: 0x000000026cd12298 | 98 22 d1 6c 02 00 00 00
R15=0x000002956c75c128 points into unknown readable memory: 0x00007ffd770564a8 | a8 64 05 77 fd 7f 00 00


Registers:
RAX=0x000002956fa48d88, RBX=0x00000000000012a0, RCX=0x010002956da4f390, RDX=0x000002956c63cb40
RSP=0x000000cf267fb9f0, RBP=0x0000000000000254, RSI=0x000000000000024c, RDI=0x010002956da4f390
R8 =0x0000000000000264, R9 =0x00007ffd768b0000, R10=0x0000000000000002, R11=0x0000000000000020
R12=0x000002956c75c128, R13=0x0000000000100000, R14=0x000002956a4874f0, R15=0x000002956c75c128
RIP=0x00007ffd769c51bf, EFLAGS=0x0000000000010202

Top of Stack: (sp=0x000000cf267fb9f0)
0x000000cf267fb9f0:   0000000000001280 0000000000000250
0x000000cf267fba00:   0000000000000248 00007ffd7696c6cc
0x000000cf267fba10:   000002950000001c 00000000000004a8
0x000000cf267fba20:   00000000000012a0 000002956ad6cef0
0x000000cf267fba30:   0000000000000254 000002956c63b9a0
0x000000cf267fba40:   00000295684ef3c8 00000000ffffffff
0x000000cf267fba50:   000000cf267fbdf0 000000000000000a
0x000000cf267fba60:   0000000000000020 000002956fa4a0b0
0x000000cf267fba70:   000002956c636be0 0000000000000264
0x000000cf267fba80:   000002956c75c128 00007ffd769c55f6
0x000000cf267fba90:   000002956fa4a0b0 0000000000000008
0x000000cf267fbaa0:   0000029500000264 000000cf267fbdf0
0x000000cf267fbab0:   000002956c63cb40 0000000000007fd8
0x000000cf267fbac0:   00000295679cdf20 00000295701d62c0
0x000000cf267fbad0:   000002956dee6800 000002956fa4a0b0
0x000000cf267fbae0:   00000295725632c0 0000000000000001 

Instructions: (pc=0x00007ffd769c51bf)
0x00007ffd769c50bf:   24 20 8b b8 38 0c 00 00 2b 3d 13 63 8b 00 8d 4a
0x00007ffd769c50cf:   10 89 bc 24 a8 00 00 00 e8 84 8a 53 00 33 ed 48
0x00007ffd769c50df:   85 c0 74 12 44 8b c7 8b d6 48 8b c8 e8 90 a6 4c
0x00007ffd769c50ef:   00 4c 8b f0 eb 03 4c 8b f5 41 8b 44 24 2c 4d 8b
0x00007ffd769c50ff:   fc 83 e0 1f 49 8b cc 3c 1e 49 8b 04 24 4c 0f 45
0x00007ffd769c510f:   fd ff 90 88 00 00 00 48 89 44 24 38 85 db 0f 8e
0x00007ffd769c511f:   16 04 00 00 48 8b 94 24 c0 00 00 00 4c 8d 0d ce
0x00007ffd769c512f:   ae ee ff 44 8b 84 24 b0 00 00 00 33 db 4c 89 6c
0x00007ffd769c513f:   24 58 41 bd 01 00 00 00 41 c1 c5 00 33 c0 48 89
0x00007ffd769c514f:   6c 24 28 48 89 44 24 40 8b c8 48 89 5c 24 30 66
0x00007ffd769c515f:   90 48 c1 f8 05 44 85 2c 82 0f 84 99 03 00 00 48
0x00007ffd769c516f:   8b 0d 6b 62 8b 00 83 fd ff 74 0e 3b e9 7d 0e 4a
0x00007ffd769c517f:   8b b4 0b 40 f4 98 00 eb 24 3b e9 7c 1c 8b c5 2b
0x00007ffd769c518f:   c1 3b c7 7d 0a 03 c6 48 63 f0 48 03 f1 eb 0e 2b
0x00007ffd769c519f:   c7 48 63 f0 48 03 f1 eb 04 48 83 ce ff 48 8b 84
0x00007ffd769c51af:   24 a0 00 00 00 48 8b 40 08 48 8b 3c 03 48 8b cf
0x00007ffd769c51bf:   48 8b 07 ff 50 28 4c 8d 0d 34 ae ee ff 48 8b d0
0x00007ffd769c51cf:   4c 63 40 10 49 8b c8 48 c1 e1 05 42 80 bc 09 70
0x00007ffd769c51df:   38 9b 00 00 0f 84 48 02 00 00 40 f6 c5 01 0f 85
0x00007ffd769c51ef:   f4 02 00 00 48 8b ce 81 e1 ff 3f 00 00 48 3b f1
0x00007ffd769c51ff:   74 43 48 8b 84 24 b8 00 00 00 48 8d 15 68 80 6d
0x00007ffd769c520f:   00 80 3d 74 38 88 00 00 41 0f 94 c0 48 8b 58 10
0x00007ffd769c521f:   48 8b 8b 50 01 00 00 e8 c5 b9 08 00 48 8d 15 46
0x00007ffd769c522f:   80 6d 00 48 8b cb e8 96 f5 0e 00 48 8b 5c 24 30
0x00007ffd769c523f:   e9 9c 02 00 00 83 78 24 00 75 53 4d 85 ff 74 3e
0x00007ffd769c524f:   49 8b 47 78 48 8b 48 18 8b 51 18 b9 05 00 00 00
0x00007ffd769c525f:   3b d1 76 2a 4d 8b 47 08 8b c1 49 39 3c c0 74 16
0x00007ffd769c526f:   ff c1 3b ca 72 f2 48 8b d6 49 8b ce e8 60 bc 4c
0x00007ffd769c527f:   00 e9 5b 02 00 00 3b ca 0f 82 5a 02 00 00 48 8b
0x00007ffd769c528f:   d6 49 8b ce e8 48 bc 4c 00 e9 43 02 00 00 48 8b
0x00007ffd769c529f:   4c 24 38 e8 29 43 07 00 41 8b 54 24 18 8b d8 3b
0x00007ffd769c52af:   c2 73 14 4d 8b 44 24 08 8b cb 49 39 3c c8 74 07 


Stack slot to memory mapping:
stack at sp + 0 slots: 0x0000000000001280 is an unknown value
stack at sp + 1 slots: 0x0000000000000250 is an unknown value
stack at sp + 2 slots: 0x0000000000000248 is an unknown value
stack at sp + 3 slots: 0x00007ffd7696c6cc jvm.dll
stack at sp + 4 slots: 0x000002950000001c is an unknown value
stack at sp + 5 slots: 0x00000000000004a8 is an unknown value
stack at sp + 6 slots: 0x00000000000012a0 is an unknown value
stack at sp + 7 slots: 0x000002956ad6cef0 points into unknown readable memory: 0x000002956ad6cf30 | 30 cf d6 6a 95 02 00 00


---------------  P R O C E S S  ---------------

Threads class SMR info:
_java_thread_list=0x000002956c6b7f00, length=56, elements={
0x00000295516db000, 0x00000295679f3000, 0x00000295679f4800, 0x0000029567a16800,
0x0000029567a1a000, 0x0000029567a1b000, 0x0000029567a1e000, 0x0000029567a21800,
0x000002956837c000, 0x00000295684c9000, 0x000002956999b800, 0x000002956865e000,
0x000002956a4cb000, 0x000002956a2be800, 0x000002956a2ba800, 0x000002956a2bf800,
0x000002956a2bb800, 0x000002956a2bc000, 0x000002956c1f7000, 0x000002956c1f9000,
0x000002956c1f8000, 0x000002956c1fc000, 0x000002956c1ff800, 0x000002956c203800,
0x000002956abf0800, 0x000002956e0bc800, 0x000002956935b000, 0x000002956a2be000,
0x000002956935d000, 0x0000029569359800, 0x000002956c202800, 0x000002956c1f5800,
0x000002956c1fe800, 0x000002956c1f9800, 0x000002956c202000, 0x000002956e0bb000,
0x000002956e0b5800, 0x000002956e0b6000, 0x000002956e0b7000, 0x000002956e0b7800,
0x000002956e0be800, 0x000002956e0bc000, 0x000002956e0ba000, 0x000002956e0b8800,
0x000002956e0b9800, 0x000002956e0c1800, 0x000002956e0c0800, 0x000002956e0c2800,
0x000002956e0c4000, 0x000002956e0bf000, 0x000002956abef000, 0x000002956abef800,
0x000002956abf1800, 0x000002956abeb800, 0x000002956abf2000, 0x000002956abed000
}

Java Threads: ( => current thread )
  0x00000295516db000 JavaThread "main" [_thread_blocked, id=19388, stack(0x000000cf25b00000,0x000000cf25c00000)]
  0x00000295679f3000 JavaThread "Reference Handler" daemon [_thread_blocked, id=6760, stack(0x000000cf26200000,0x000000cf26300000)]
  0x00000295679f4800 JavaThread "Finalizer" daemon [_thread_blocked, id=17640, stack(0x000000cf26300000,0x000000cf26400000)]
  0x0000029567a16800 JavaThread "Signal Dispatcher" daemon [_thread_blocked, id=11320, stack(0x000000cf26400000,0x000000cf26500000)]
  0x0000029567a1a000 JavaThread "Attach Listener" daemon [_thread_blocked, id=18972, stack(0x000000cf26500000,0x000000cf26600000)]
  0x0000029567a1b000 JavaThread "Service Thread" daemon [_thread_blocked, id=20456, stack(0x000000cf26600000,0x000000cf26700000)]
=>0x0000029567a1e000 JavaThread "C2 CompilerThread0" daemon [_thread_in_native, id=19740, stack(0x000000cf26700000,0x000000cf26800000)]
  0x0000029567a21800 JavaThread "C1 CompilerThread0" daemon [_thread_blocked, id=11632, stack(0x000000cf26800000,0x000000cf26900000)]
  0x000002956837c000 JavaThread "Sweeper thread" daemon [_thread_blocked, id=656, stack(0x000000cf26900000,0x000000cf26a00000)]
  0x00000295684c9000 JavaThread "Common-Cleaner" daemon [_thread_blocked, id=8148, stack(0x000000cf26a00000,0x000000cf26b00000)]
  0x000002956999b800 JavaThread "Daemon health stats" [_thread_blocked, id=15488, stack(0x000000cf27000000,0x000000cf27100000)]
  0x000002956865e000 JavaThread "Incoming local TCP Connector on port 51094" [_thread_in_native, id=20312, stack(0x000000cf26c00000,0x000000cf26d00000)]
  0x000002956a4cb000 JavaThread "Daemon periodic checks" [_thread_blocked, id=15856, stack(0x000000cf27100000,0x000000cf27200000)]
  0x000002956a2be800 JavaThread "Cache worker for file hash cache (C:\Users\Nikita\.gradle\caches\7.0.2\fileHashes)" [_thread_blocked, id=15420, stack(0x000000cf27900000,0x000000cf27a00000)]
  0x000002956a2ba800 JavaThread "File lock request listener" [_thread_in_native, id=6224, stack(0x000000cf27a00000,0x000000cf27b00000)]
  0x000002956a2bf800 JavaThread "Cache worker for journal cache (C:\Users\Nikita\.gradle\caches\journal-1)" [_thread_blocked, id=12192, stack(0x000000cf27b00000,0x000000cf27c00000)]
  0x000002956a2bb800 JavaThread "File watcher server" daemon [_thread_in_native, id=15568, stack(0x000000cf27d00000,0x000000cf27e00000)]
  0x000002956a2bc000 JavaThread "File watcher consumer" daemon [_thread_blocked, id=13428, stack(0x000000cf27e00000,0x000000cf27f00000)]
  0x000002956c1f7000 JavaThread "Cache worker for execution history cache (C:\Users\Nikita\.gradle\caches\7.0.2\executionHistory)" [_thread_blocked, id=1432, stack(0x000000cf28300000,0x000000cf28400000)]
  0x000002956c1f9000 JavaThread "jar transforms" [_thread_blocked, id=20352, stack(0x000000cf28400000,0x000000cf28500000)]
  0x000002956c1f8000 JavaThread "jar transforms Thread 2" [_thread_blocked, id=18724, stack(0x000000cf28500000,0x000000cf28600000)]
  0x000002956c1fc000 JavaThread "Cache worker for file content cache (C:\Users\Nikita\.gradle\caches\7.0.2\fileContent)" [_thread_blocked, id=16660, stack(0x000000cf28600000,0x000000cf28700000)]
  0x000002956c1ff800 JavaThread "jar transforms Thread 3" [_thread_blocked, id=19660, stack(0x000000cf28800000,0x000000cf28900000)]
  0x000002956c203800 JavaThread "jar transforms Thread 4" [_thread_blocked, id=12668, stack(0x000000cf28e00000,0x000000cf28f00000)]
  0x000002956abf0800 JavaThread "Memory manager" [_thread_blocked, id=8712, stack(0x000000cf28f00000,0x000000cf29000000)]
  0x000002956e0bc800 JavaThread "Cache worker for Java compile cache (C:\Users\Nikita\.gradle\caches\7.0.2\javaCompile)" [_thread_blocked, id=18688, stack(0x000000cf2a000000,0x000000cf2a100000)]
  0x000002956935b000 JavaThread "ForkJoinPool.commonPool-worker-3" daemon [_thread_blocked, id=11840, stack(0x000000cf29900000,0x000000cf29a00000)]
  0x000002956a2be000 JavaThread "ForkJoinPool.commonPool-worker-5" daemon [_thread_blocked, id=13792, stack(0x000000cf29e00000,0x000000cf29f00000)]
  0x000002956935d000 JavaThread "Daemon Thread 19" [_thread_blocked, id=7904, stack(0x000000cf25800000,0x000000cf25900000)]
  0x0000029569359800 JavaThread "Daemon worker Thread 19" [_thread_blocked, id=16784, stack(0x000000cf27200000,0x000000cf27300000)]
  0x000002956c202800 JavaThread "ForkJoinPool.commonPool-worker-7" daemon [_thread_blocked, id=7788, stack(0x000000cf29a00000,0x000000cf29b00000)]
  0x000002956c1f5800 JavaThread "Handler for socket connection from /127.0.0.1:51094 to /127.0.0.1:52188" [_thread_in_native, id=14656, stack(0x000000cf25900000,0x000000cf25a00000)]
  0x000002956c1fe800 JavaThread "Cancel handler" [_thread_blocked, id=4080, stack(0x000000cf25a00000,0x000000cf25b00000)]
  0x000002956c1f9800 JavaThread "Asynchronous log dispatcher for DefaultDaemonConnection: socket connection from /127.0.0.1:51094 to /127.0.0.1:52188" [_thread_blocked, id=20420, stack(0x000000cf27300000,0x000000cf27400000)]
  0x000002956c202000 JavaThread "Stdin handler" [_thread_blocked, id=7000, stack(0x000000cf27400000,0x000000cf27500000)]
  0x000002956e0bb000 JavaThread "Daemon client event forwarder" [_thread_blocked, id=20180, stack(0x000000cf27500000,0x000000cf27600000)]
  0x000002956e0b5800 JavaThread "Cache worker for file hash cache (F:\ABCS\.gradle\7.0.2\fileHashes)" [_thread_blocked, id=20404, stack(0x000000cf27600000,0x000000cf27700000)]
  0x000002956e0b6000 JavaThread "Cache worker for checksums cache (F:\ABCS\.gradle\checksums)" [_thread_blocked, id=5188, stack(0x000000cf27700000,0x000000cf27800000)]
  0x000002956e0b7000 JavaThread "Cache worker for cache directory md-supplier (C:\Users\Nikita\.gradle\caches\7.0.2\md-supplier)" [_thread_blocked, id=10640, stack(0x000000cf27800000,0x000000cf27900000)]
  0x000002956e0b7800 JavaThread "Cache worker for cache directory md-rule (C:\Users\Nikita\.gradle\caches\7.0.2\md-rule)" [_thread_blocked, id=14048, stack(0x000000cf27c00000,0x000000cf27d00000)]
  0x000002956e0be800 JavaThread "Cache worker for dependencies-accessors (F:\ABCS\.gradle\7.0.2\dependencies-accessors)" [_thread_blocked, id=18040, stack(0x000000cf27f00000,0x000000cf28000000)]
  0x000002956e0bc000 JavaThread "Cache worker for Build Output Cleanup Cache (F:\ABCS\.gradle\buildOutputCleanup)" [_thread_blocked, id=6264, stack(0x000000cf28000000,0x000000cf28100000)]
  0x000002956e0ba000 JavaThread "Build operations" [_thread_blocked, id=6240, stack(0x000000cf28100000,0x000000cf28200000)]
  0x000002956e0b8800 JavaThread "Build operations Thread 2" [_thread_blocked, id=7320, stack(0x000000cf28200000,0x000000cf28300000)]
  0x000002956e0b9800 JavaThread "Build operations Thread 3" [_thread_blocked, id=15532, stack(0x000000cf28700000,0x000000cf28800000)]
  0x000002956e0c1800 JavaThread "Build operations Thread 4" [_thread_blocked, id=4132, stack(0x000000cf28900000,0x000000cf28a00000)]
  0x000002956e0c0800 JavaThread "build event listener" [_thread_blocked, id=10544, stack(0x000000cf28a00000,0x000000cf28b00000)]
  0x000002956e0c2800 JavaThread "Execution worker for ':'" [_thread_in_Java, id=14712, stack(0x000000cf28b00000,0x000000cf28c00000)]
  0x000002956e0c4000 JavaThread "Execution worker for ':' Thread 2" [_thread_blocked, id=20208, stack(0x000000cf28c00000,0x000000cf28d00000)]
  0x000002956e0bf000 JavaThread "Execution worker for ':' Thread 3" [_thread_blocked, id=7056, stack(0x000000cf28d00000,0x000000cf28e00000)]
  0x000002956abef000 JavaThread "Cache worker for execution history cache (F:\ABCS\.gradle\7.0.2\executionHistory)" [_thread_blocked, id=5220, stack(0x000000cf29000000,0x000000cf29100000)]
  0x000002956abef800 JavaThread "WorkerExecutor Queue" [_thread_blocked, id=13700, stack(0x000000cf29100000,0x000000cf29200000)]
  0x000002956abf1800 JavaThread "WorkerExecutor Queue Thread 2" [_thread_blocked, id=18060, stack(0x000000cf29200000,0x000000cf29300000)]
  0x000002956abeb800 JavaThread "pool-402-thread-1" [_thread_blocked, id=19180, stack(0x000000cf29300000,0x000000cf29400000)]
  0x000002956abf2000 JavaThread "stderr" [_thread_in_native, id=20396, stack(0x000000cf29400000,0x000000cf29500000)]
  0x000002956abed000 JavaThread "stdout" [_thread_in_native, id=10456, stack(0x000000cf29700000,0x000000cf29800000)]

Other Threads:
  0x00000295679ce800 VMThread "VM Thread" [stack: 0x000000cf26100000,0x000000cf26200000] [id=16276]
  0x00000295684e3000 WatcherThread [stack: 0x000000cf26b00000,0x000000cf26c00000] [id=17204]
  0x00000295516f5800 GCTaskThread "GC Thread#0" [stack: 0x000000cf25c00000,0x000000cf25d00000] [id=19552]
  0x0000029568ceb800 GCTaskThread "GC Thread#1" [stack: 0x000000cf26d00000,0x000000cf26e00000] [id=13900]
  0x000002956896c800 GCTaskThread "GC Thread#2" [stack: 0x000000cf26e00000,0x000000cf26f00000] [id=9804]
  0x000002956896d000 GCTaskThread "GC Thread#3" [stack: 0x000000cf26f00000,0x000000cf27000000] [id=13852]
  0x0000029551705800 ConcurrentGCThread "G1 Main Marker" [stack: 0x000000cf25d00000,0x000000cf25e00000] [id=13408]
  0x0000029551707800 ConcurrentGCThread "G1 Conc#0" [stack: 0x000000cf25e00000,0x000000cf25f00000] [id=13536]
  0x00000295517bd800 ConcurrentGCThread "G1 Refine#0" [stack: 0x000000cf25f00000,0x000000cf26000000] [id=18284]
  0x000002956ab4b800 ConcurrentGCThread "G1 Refine#1" [stack: 0x000000cf29500000,0x000000cf29600000] [id=18968]
  0x000002956c0ff000 ConcurrentGCThread "G1 Refine#2" [stack: 0x000000cf29600000,0x000000cf29700000] [id=14400]
  0x000002956786c800 ConcurrentGCThread "G1 Young RemSet Sampling" [stack: 0x000000cf26000000,0x000000cf26100000] [id=5568]

Threads with active compile tasks:
C2 CompilerThread08746021 42211       4       java.io.ObjectInputStream::readFields (74 bytes)

VM state:not at safepoint (normal execution)

VM Mutex/Monitor currently owned by a thread: None

Heap address: 0x00000000e0000000, size: 512 MB, Compressed Oops mode: 32-bit
Narrow klass base: 0x0000000000000000, Narrow klass shift: 3
Compressed class space size: 260046848 Address: 0x0000000100000000

Heap:
 garbage-first heap   total 382976K, used 355078K [0x00000000e0000000, 0x0000000100000000)
  region size 1024K, 166 young (169984K), 7 survivors (7168K)
 Metaspace       used 131839K, capacity 136331K, committed 137036K, reserved 374784K
  class space    used 15626K, capacity 17263K, committed 17484K, reserved 253952K
Heap Regions: E=young(eden), S=young(survivor), O=old, HS=humongous(starts), HC=humongous(continues), CS=collection set, F=free, A=archive, TAMS=top-at-mark-start (previous, next)
|   0|0x00000000e0000000, 0x00000000e0100000, 0x00000000e0100000|100%| O|  |TAMS 0x00000000e0100000, 0x00000000e0000000| Untracked 
|   1|0x00000000e0100000, 0x00000000e0200000, 0x00000000e0200000|100%| O|  |TAMS 0x00000000e0200000, 0x00000000e0100000| Untracked 
|   2|0x00000000e0200000, 0x00000000e0300000, 0x00000000e0300000|100%|HS|  |TAMS 0x00000000e0200000, 0x00000000e0200000| Complete 
|   3|0x00000000e0300000, 0x00000000e0400000, 0x00000000e0400000|100%|HS|  |TAMS 0x00000000e0400000, 0x00000000e0300000| Complete 
|   4|0x00000000e0400000, 0x00000000e0500000, 0x00000000e0500000|100%|HC|  |TAMS 0x00000000e0500000, 0x00000000e0400000| Complete 
|   5|0x00000000e0500000, 0x00000000e0600000, 0x00000000e0600000|100%|HC|  |TAMS 0x00000000e0600000, 0x00000000e0500000| Complete 
|   6|0x00000000e0600000, 0x00000000e0700000, 0x00000000e0700000|100%| O|  |TAMS 0x00000000e0700000, 0x00000000e0600000| Untracked 
|   7|0x00000000e0700000, 0x00000000e0800000, 0x00000000e0800000|100%| O|  |TAMS 0x00000000e0800000, 0x00000000e0700000| Untracked 
|   8|0x00000000e0800000, 0x00000000e0900000, 0x00000000e0900000|100%| O|  |TAMS 0x00000000e0900000, 0x00000000e0800000| Untracked 
|   9|0x00000000e0900000, 0x00000000e0a00000, 0x00000000e0a00000|100%| O|  |TAMS 0x00000000e0a00000, 0x00000000e0900000| Untracked 
|  10|0x00000000e0a00000, 0x00000000e0b00000, 0x00000000e0b00000|100%| O|  |TAMS 0x00000000e0b00000, 0x00000000e0a00000| Untracked 
|  11|0x00000000e0b00000, 0x00000000e0c00000, 0x00000000e0c00000|100%| O|  |TAMS 0x00000000e0c00000, 0x00000000e0b00000| Complete 
|  12|0x00000000e0c00000, 0x00000000e0d00000, 0x00000000e0d00000|100%|HS|  |TAMS 0x00000000e0d00000, 0x00000000e0c00000| Complete 
|  13|0x00000000e0d00000, 0x00000000e0e00000, 0x00000000e0e00000|100%|HS|  |TAMS 0x00000000e0e00000, 0x00000000e0d00000| Complete 
|  14|0x00000000e0e00000, 0x00000000e0f00000, 0x00000000e0f00000|100%|HS|  |TAMS 0x00000000e0f00000, 0x00000000e0e00000| Complete 
|  15|0x00000000e0f00000, 0x00000000e1000000, 0x00000000e1000000|100%|HC|  |TAMS 0x00000000e1000000, 0x00000000e0f00000| Complete 
|  16|0x00000000e1000000, 0x00000000e1100000, 0x00000000e1100000|100%| O|  |TAMS 0x00000000e1100000, 0x00000000e1000000| Complete 
|  17|0x00000000e1100000, 0x00000000e1200000, 0x00000000e1200000|100%| O|  |TAMS 0x00000000e1200000, 0x00000000e1100000| Untracked 
|  18|0x00000000e1200000, 0x00000000e1300000, 0x00000000e1300000|100%| O|  |TAMS 0x00000000e1300000, 0x00000000e1200000| Untracked 
|  19|0x00000000e1300000, 0x00000000e1400000, 0x00000000e1400000|100%| O|  |TAMS 0x00000000e1400000, 0x00000000e1300000| Complete 
|  20|0x00000000e1400000, 0x00000000e1500000, 0x00000000e1500000|100%| O|  |TAMS 0x00000000e1500000, 0x00000000e1400000| Complete 
|  21|0x00000000e1500000, 0x00000000e1600000, 0x00000000e1600000|100%|HS|  |TAMS 0x00000000e1500000, 0x00000000e1500000| Complete 
|  22|0x00000000e1600000, 0x00000000e1700000, 0x00000000e1700000|100%| O|  |TAMS 0x00000000e1700000, 0x00000000e1600000| Complete 
|  23|0x00000000e1700000, 0x00000000e1800000, 0x00000000e1800000|100%| O|  |TAMS 0x00000000e1800000, 0x00000000e1700000| Complete 
|  24|0x00000000e1800000, 0x00000000e1900000, 0x00000000e1900000|100%| O|  |TAMS 0x00000000e1900000, 0x00000000e1800000| Complete 
|  25|0x00000000e1900000, 0x00000000e1a00000, 0x00000000e1a00000|100%|HS|  |TAMS 0x00000000e1900000, 0x00000000e1900000| Complete 
|  26|0x00000000e1a00000, 0x00000000e1b00000, 0x00000000e1b00000|100%| O|  |TAMS 0x00000000e1b00000, 0x00000000e1a00000| Complete 
|  27|0x00000000e1b00000, 0x00000000e1c00000, 0x00000000e1c00000|100%| O|  |TAMS 0x00000000e1c00000, 0x00000000e1b00000| Untracked 
|  28|0x00000000e1c00000, 0x00000000e1d00000, 0x00000000e1d00000|100%| O|  |TAMS 0x00000000e1d00000, 0x00000000e1c00000| Untracked 
|  29|0x00000000e1d00000, 0x00000000e1e00000, 0x00000000e1e00000|100%| O|  |TAMS 0x00000000e1e00000, 0x00000000e1d00000| Complete 
|  30|0x00000000e1e00000, 0x00000000e1f00000, 0x00000000e1f00000|100%| O|  |TAMS 0x00000000e1f00000, 0x00000000e1e00000| Untracked 
|  31|0x00000000e1f00000, 0x00000000e2000000, 0x00000000e2000000|100%| O|  |TAMS 0x00000000e2000000, 0x00000000e1f00000| Complete 
|  32|0x00000000e2000000, 0x00000000e2000000, 0x00000000e2100000|  0%| F|  |TAMS 0x00000000e2000000, 0x00000000e2000000| Untracked 
|  33|0x00000000e2100000, 0x00000000e2200000, 0x00000000e2200000|100%| O|  |TAMS 0x00000000e2200000, 0x00000000e2100000| Untracked 
|  34|0x00000000e2200000, 0x00000000e2300000, 0x00000000e2300000|100%| O|  |TAMS 0x00000000e2300000, 0x00000000e2200000| Complete 
|  35|0x00000000e2300000, 0x00000000e2300000, 0x00000000e2400000|  0%| F|  |TAMS 0x00000000e2300000, 0x00000000e2300000| Untracked 
|  36|0x00000000e2400000, 0x00000000e2500000, 0x00000000e2500000|100%| O|  |TAMS 0x00000000e2500000, 0x00000000e2400000| Complete 
|  37|0x00000000e2500000, 0x00000000e2600000, 0x00000000e2600000|100%| O|  |TAMS 0x00000000e2600000, 0x00000000e2500000| Complete 
|  38|0x00000000e2600000, 0x00000000e2700000, 0x00000000e2700000|100%| O|  |TAMS 0x00000000e2700000, 0x00000000e2600000| Complete 
|  39|0x00000000e2700000, 0x00000000e2800000, 0x00000000e2800000|100%| O|  |TAMS 0x00000000e2800000, 0x00000000e2700000| Complete 
|  40|0x00000000e2800000, 0x00000000e2900000, 0x00000000e2900000|100%| O|  |TAMS 0x00000000e2900000, 0x00000000e2800000| Complete 
|  41|0x00000000e2900000, 0x00000000e2a00000, 0x00000000e2a00000|100%| O|  |TAMS 0x00000000e2a00000, 0x00000000e2900000| Complete 
|  42|0x00000000e2a00000, 0x00000000e2b00000, 0x00000000e2b00000|100%| O|  |TAMS 0x00000000e2b00000, 0x00000000e2a00000| Untracked 
|  43|0x00000000e2b00000, 0x00000000e2b00000, 0x00000000e2c00000|  0%| F|  |TAMS 0x00000000e2b00000, 0x00000000e2b00000| Untracked 
|  44|0x00000000e2c00000, 0x00000000e2d00000, 0x00000000e2d00000|100%| O|  |TAMS 0x00000000e2d00000, 0x00000000e2c00000| Complete 
|  45|0x00000000e2d00000, 0x00000000e2d00000, 0x00000000e2e00000|  0%| F|  |TAMS 0x00000000e2d00000, 0x00000000e2d00000| Untracked 
|  46|0x00000000e2e00000, 0x00000000e2f00000, 0x00000000e2f00000|100%| O|  |TAMS 0x00000000e2f00000, 0x00000000e2e00000| Untracked 
|  47|0x00000000e2f00000, 0x00000000e3000000, 0x00000000e3000000|100%| O|  |TAMS 0x00000000e3000000, 0x00000000e2f00000| Complete 
|  48|0x00000000e3000000, 0x00000000e3100000, 0x00000000e3100000|100%| O|  |TAMS 0x00000000e3100000, 0x00000000e3000000| Untracked 
|  49|0x00000000e3100000, 0x00000000e3200000, 0x00000000e3200000|100%| O|  |TAMS 0x00000000e3200000, 0x00000000e3100000| Untracked 
|  50|0x00000000e3200000, 0x00000000e3300000, 0x00000000e3300000|100%| O|  |TAMS 0x00000000e3300000, 0x00000000e3200000| Untracked 
|  51|0x00000000e3300000, 0x00000000e3400000, 0x00000000e3400000|100%| O|  |TAMS 0x00000000e3400000, 0x00000000e3300000| Complete 
|  52|0x00000000e3400000, 0x00000000e3500000, 0x00000000e3500000|100%| O|  |TAMS 0x00000000e3500000, 0x00000000e3400000| Complete 
|  53|0x00000000e3500000, 0x00000000e3600000, 0x00000000e3600000|100%| O|  |TAMS 0x00000000e3600000, 0x00000000e3500000| Complete 
|  54|0x00000000e3600000, 0x00000000e3600000, 0x00000000e3700000|  0%| F|  |TAMS 0x00000000e3600000, 0x00000000e3600000| Untracked 
|  55|0x00000000e3700000, 0x00000000e3800000, 0x00000000e3800000|100%| O|  |TAMS 0x00000000e3800000, 0x00000000e3700000| Untracked 
|  56|0x00000000e3800000, 0x00000000e3900000, 0x00000000e3900000|100%| O|  |TAMS 0x00000000e3900000, 0x00000000e3800000| Complete 
|  57|0x00000000e3900000, 0x00000000e3a00000, 0x00000000e3a00000|100%| O|  |TAMS 0x00000000e3a00000, 0x00000000e3900000| Complete 
|  58|0x00000000e3a00000, 0x00000000e3b00000, 0x00000000e3b00000|100%| O|  |TAMS 0x00000000e3b00000, 0x00000000e3a00000| Complete 
|  59|0x00000000e3b00000, 0x00000000e3c00000, 0x00000000e3c00000|100%| O|  |TAMS 0x00000000e3c00000, 0x00000000e3b00000| Complete 
|  60|0x00000000e3c00000, 0x00000000e3d00000, 0x00000000e3d00000|100%| O|  |TAMS 0x00000000e3d00000, 0x00000000e3c00000| Untracked 
|  61|0x00000000e3d00000, 0x00000000e3e00000, 0x00000000e3e00000|100%| O|  |TAMS 0x00000000e3e00000, 0x00000000e3d00000| Complete 
|  62|0x00000000e3e00000, 0x00000000e3f00000, 0x00000000e3f00000|100%| O|  |TAMS 0x00000000e3f00000, 0x00000000e3e00000| Complete 
|  63|0x00000000e3f00000, 0x00000000e4000000, 0x00000000e4000000|100%| O|  |TAMS 0x00000000e4000000, 0x00000000e3f00000| Untracked 
|  64|0x00000000e4000000, 0x00000000e4100000, 0x00000000e4100000|100%| O|  |TAMS 0x00000000e4100000, 0x00000000e4000000| Untracked 
|  65|0x00000000e4100000, 0x00000000e4200000, 0x00000000e4200000|100%| O|  |TAMS 0x00000000e4200000, 0x00000000e4100000| Complete 
|  66|0x00000000e4200000, 0x00000000e4300000, 0x00000000e4300000|100%| O|  |TAMS 0x00000000e4300000, 0x00000000e4200000| Complete 
|  67|0x00000000e4300000, 0x00000000e4400000, 0x00000000e4400000|100%| O|  |TAMS 0x00000000e4400000, 0x00000000e4300000| Complete 
|  68|0x00000000e4400000, 0x00000000e4500000, 0x00000000e4500000|100%| O|  |TAMS 0x00000000e4500000, 0x00000000e4400000| Complete 
|  69|0x00000000e4500000, 0x00000000e4600000, 0x00000000e4600000|100%| O|  |TAMS 0x00000000e4600000, 0x00000000e4500000| Untracked 
|  70|0x00000000e4600000, 0x00000000e4700000, 0x00000000e4700000|100%| O|  |TAMS 0x00000000e4700000, 0x00000000e4600000| Untracked 
|  71|0x00000000e4700000, 0x00000000e4800000, 0x00000000e4800000|100%| O|  |TAMS 0x00000000e4800000, 0x00000000e4700000| Complete 
|  72|0x00000000e4800000, 0x00000000e4900000, 0x00000000e4900000|100%| O|  |TAMS 0x00000000e4900000, 0x00000000e4800000| Untracked 
|  73|0x00000000e4900000, 0x00000000e4a00000, 0x00000000e4a00000|100%| O|  |TAMS 0x00000000e4a00000, 0x00000000e4900000| Complete 
|  74|0x00000000e4a00000, 0x00000000e4b00000, 0x00000000e4b00000|100%| O|  |TAMS 0x00000000e4b00000, 0x00000000e4a00000| Complete 
|  75|0x00000000e4b00000, 0x00000000e4c00000, 0x00000000e4c00000|100%| O|  |TAMS 0x00000000e4c00000, 0x00000000e4b00000| Untracked 
|  76|0x00000000e4c00000, 0x00000000e4d00000, 0x00000000e4d00000|100%| O|  |TAMS 0x00000000e4d00000, 0x00000000e4c00000| Untracked 
|  77|0x00000000e4d00000, 0x00000000e4e00000, 0x00000000e4e00000|100%| O|  |TAMS 0x00000000e4e00000, 0x00000000e4d00000| Untracked 
|  78|0x00000000e4e00000, 0x00000000e4f00000, 0x00000000e4f00000|100%| O|  |TAMS 0x00000000e4f00000, 0x00000000e4e00000| Complete 
|  79|0x00000000e4f00000, 0x00000000e5000000, 0x00000000e5000000|100%| O|  |TAMS 0x00000000e5000000, 0x00000000e4f00000| Complete 
|  80|0x00000000e5000000, 0x00000000e5100000, 0x00000000e5100000|100%| O|  |TAMS 0x00000000e5100000, 0x00000000e5000000| Complete 
|  81|0x00000000e5100000, 0x00000000e5200000, 0x00000000e5200000|100%| O|  |TAMS 0x00000000e5200000, 0x00000000e5100000| Untracked 
|  82|0x00000000e5200000, 0x00000000e5300000, 0x00000000e5300000|100%| O|  |TAMS 0x00000000e5300000, 0x00000000e5200000| Complete 
|  83|0x00000000e5300000, 0x00000000e5400000, 0x00000000e5400000|100%| O|  |TAMS 0x00000000e5400000, 0x00000000e5300000| Complete 
|  84|0x00000000e5400000, 0x00000000e5500000, 0x00000000e5500000|100%| O|  |TAMS 0x00000000e5500000, 0x00000000e5400000| Untracked 
|  85|0x00000000e5500000, 0x00000000e5600000, 0x00000000e5600000|100%| O|  |TAMS 0x00000000e5600000, 0x00000000e5500000| Complete 
|  86|0x00000000e5600000, 0x00000000e5700000, 0x00000000e5700000|100%| O|  |TAMS 0x00000000e5700000, 0x00000000e5600000| Untracked 
|  87|0x00000000e5700000, 0x00000000e5700000, 0x00000000e5800000|  0%| F|  |TAMS 0x00000000e5700000, 0x00000000e5700000| Untracked 
|  88|0x00000000e5800000, 0x00000000e5900000, 0x00000000e5900000|100%| O|  |TAMS 0x00000000e5900000, 0x00000000e5800000| Untracked 
|  89|0x00000000e5900000, 0x00000000e5a00000, 0x00000000e5a00000|100%| O|  |TAMS 0x00000000e5a00000, 0x00000000e5900000| Complete 
|  90|0x00000000e5a00000, 0x00000000e5b00000, 0x00000000e5b00000|100%| O|  |TAMS 0x00000000e5b00000, 0x00000000e5a00000| Complete 
|  91|0x00000000e5b00000, 0x00000000e5c00000, 0x00000000e5c00000|100%| O|  |TAMS 0x00000000e5c00000, 0x00000000e5b00000| Complete 
|  92|0x00000000e5c00000, 0x00000000e5d00000, 0x00000000e5d00000|100%| O|  |TAMS 0x00000000e5d00000, 0x00000000e5c00000| Untracked 
|  93|0x00000000e5d00000, 0x00000000e5e00000, 0x00000000e5e00000|100%| O|  |TAMS 0x00000000e5e00000, 0x00000000e5d00000| Complete 
|  94|0x00000000e5e00000, 0x00000000e5f00000, 0x00000000e5f00000|100%| O|  |TAMS 0x00000000e5f00000, 0x00000000e5e00000| Complete 
|  95|0x00000000e5f00000, 0x00000000e5f13e00, 0x00000000e6000000|  7%| O|  |TAMS 0x00000000e5f13e00, 0x00000000e5f00000| Untracked 
|  96|0x00000000e6000000, 0x00000000e6000000, 0x00000000e6100000|  0%| F|  |TAMS 0x00000000e6000000, 0x00000000e6000000| Untracked 
|  97|0x00000000e6100000, 0x00000000e6200000, 0x00000000e6200000|100%| O|  |TAMS 0x00000000e6200000, 0x00000000e6100000| Untracked 
|  98|0x00000000e6200000, 0x00000000e6300000, 0x00000000e6300000|100%| O|  |TAMS 0x00000000e6300000, 0x00000000e6200000| Untracked 
|  99|0x00000000e6300000, 0x00000000e6400000, 0x00000000e6400000|100%|HS|  |TAMS 0x00000000e6300000, 0x00000000e6300000| Complete 
| 100|0x00000000e6400000, 0x00000000e6500000, 0x00000000e6500000|100%|HC|  |TAMS 0x00000000e6400000, 0x00000000e6400000| Complete 
| 101|0x00000000e6500000, 0x00000000e6600000, 0x00000000e6600000|100%| O|  |TAMS 0x00000000e6600000, 0x00000000e6500000| Untracked 
| 102|0x00000000e6600000, 0x00000000e6700000, 0x00000000e6700000|100%| O|  |TAMS 0x00000000e6700000, 0x00000000e6600000| Untracked 
| 103|0x00000000e6700000, 0x00000000e6700000, 0x00000000e6800000|  0%| F|  |TAMS 0x00000000e6700000, 0x00000000e6700000| Untracked 
| 104|0x00000000e6800000, 0x00000000e6900000, 0x00000000e6900000|100%| O|  |TAMS 0x00000000e6900000, 0x00000000e6800000| Complete 
| 105|0x00000000e6900000, 0x00000000e6900000, 0x00000000e6a00000|  0%| F|  |TAMS 0x00000000e6900000, 0x00000000e6900000| Untracked 
| 106|0x00000000e6a00000, 0x00000000e6b00000, 0x00000000e6b00000|100%| O|  |TAMS 0x00000000e6b00000, 0x00000000e6a00000| Complete 
| 107|0x00000000e6b00000, 0x00000000e6c00000, 0x00000000e6c00000|100%| O|  |TAMS 0x00000000e6c00000, 0x00000000e6b00000| Complete 
| 108|0x00000000e6c00000, 0x00000000e6c00000, 0x00000000e6d00000|  0%| F|  |TAMS 0x00000000e6c00000, 0x00000000e6c00000| Untracked 
| 109|0x00000000e6d00000, 0x00000000e6e00000, 0x00000000e6e00000|100%| O|  |TAMS 0x00000000e6e00000, 0x00000000e6d00000| Complete 
| 110|0x00000000e6e00000, 0x00000000e6e00000, 0x00000000e6f00000|  0%| F|  |TAMS 0x00000000e6e00000, 0x00000000e6e00000| Untracked 
| 111|0x00000000e6f00000, 0x00000000e7000000, 0x00000000e7000000|100%| O|  |TAMS 0x00000000e7000000, 0x00000000e6f00000| Complete 
| 112|0x00000000e7000000, 0x00000000e7100000, 0x00000000e7100000|100%| O|  |TAMS 0x00000000e7100000, 0x00000000e7000000| Complete 
| 113|0x00000000e7100000, 0x00000000e7200000, 0x00000000e7200000|100%| O|  |TAMS 0x00000000e7200000, 0x00000000e7100000| Complete 
| 114|0x00000000e7200000, 0x00000000e7200000, 0x00000000e7300000|  0%| F|  |TAMS 0x00000000e7200000, 0x00000000e7200000| Untracked 
| 115|0x00000000e7300000, 0x00000000e7400000, 0x00000000e7400000|100%| O|  |TAMS 0x00000000e7400000, 0x00000000e7300000| Complete 
| 116|0x00000000e7400000, 0x00000000e7500000, 0x00000000e7500000|100%|HS|  |TAMS 0x00000000e7400000, 0x00000000e7400000| Complete 
| 117|0x00000000e7500000, 0x00000000e7600000, 0x00000000e7600000|100%|HC|  |TAMS 0x00000000e7500000, 0x00000000e7500000| Complete 
| 118|0x00000000e7600000, 0x00000000e7700000, 0x00000000e7700000|100%| O|  |TAMS 0x00000000e7700000, 0x00000000e7600000| Complete 
| 119|0x00000000e7700000, 0x00000000e7800000, 0x00000000e7800000|100%| O|  |TAMS 0x00000000e7800000, 0x00000000e7700000| Complete 
| 120|0x00000000e7800000, 0x00000000e7900000, 0x00000000e7900000|100%| O|  |TAMS 0x00000000e7900000, 0x00000000e7800000| Untracked 
| 121|0x00000000e7900000, 0x00000000e7a00000, 0x00000000e7a00000|100%| O|  |TAMS 0x00000000e7a00000, 0x00000000e7900000| Complete 
| 122|0x00000000e7a00000, 0x00000000e7b00000, 0x00000000e7b00000|100%| O|  |TAMS 0x00000000e7b00000, 0x00000000e7a00000| Complete 
| 123|0x00000000e7b00000, 0x00000000e7c00000, 0x00000000e7c00000|100%| O|  |TAMS 0x00000000e7c00000, 0x00000000e7b00000| Complete 
| 124|0x00000000e7c00000, 0x00000000e7d00000, 0x00000000e7d00000|100%| O|  |TAMS 0x00000000e7d00000, 0x00000000e7c00000| Untracked 
| 125|0x00000000e7d00000, 0x00000000e7e00000, 0x00000000e7e00000|100%| O|  |TAMS 0x00000000e7e00000, 0x00000000e7d00000| Untracked 
| 126|0x00000000e7e00000, 0x00000000e7f00000, 0x00000000e7f00000|100%|HS|  |TAMS 0x00000000e7e00000, 0x00000000e7e00000| Complete 
| 127|0x00000000e7f00000, 0x00000000e8000000, 0x00000000e8000000|100%|HC|  |TAMS 0x00000000e7f00000, 0x00000000e7f00000| Complete 
| 128|0x00000000e8000000, 0x00000000e8100000, 0x00000000e8100000|100%|HS|  |TAMS 0x00000000e8000000, 0x00000000e8000000| Complete 
| 129|0x00000000e8100000, 0x00000000e8200000, 0x00000000e8200000|100%|HC|  |TAMS 0x00000000e8100000, 0x00000000e8100000| Complete 
| 130|0x00000000e8200000, 0x00000000e8300000, 0x00000000e8300000|100%|HS|  |TAMS 0x00000000e8200000, 0x00000000e8200000| Complete 
| 131|0x00000000e8300000, 0x00000000e8400000, 0x00000000e8400000|100%|HC|  |TAMS 0x00000000e8300000, 0x00000000e8300000| Complete 
| 132|0x00000000e8400000, 0x00000000e8500000, 0x00000000e8500000|100%| O|  |TAMS 0x00000000e8500000, 0x00000000e8400000| Untracked 
| 133|0x00000000e8500000, 0x00000000e8600000, 0x00000000e8600000|100%|HS|  |TAMS 0x00000000e8500000, 0x00000000e8500000| Complete 
| 134|0x00000000e8600000, 0x00000000e8700000, 0x00000000e8700000|100%|HC|  |TAMS 0x00000000e8600000, 0x00000000e8600000| Complete 
| 135|0x00000000e8700000, 0x00000000e8800000, 0x00000000e8800000|100%|HS|  |TAMS 0x00000000e8700000, 0x00000000e8700000| Complete 
| 136|0x00000000e8800000, 0x00000000e8900000, 0x00000000e8900000|100%|HC|  |TAMS 0x00000000e8800000, 0x00000000e8800000| Complete 
| 137|0x00000000e8900000, 0x00000000e8a00000, 0x00000000e8a00000|100%|HS|  |TAMS 0x00000000e8900000, 0x00000000e8900000| Complete 
| 138|0x00000000e8a00000, 0x00000000e8b00000, 0x00000000e8b00000|100%|HC|  |TAMS 0x00000000e8a00000, 0x00000000e8a00000| Complete 
| 139|0x00000000e8b00000, 0x00000000e8c00000, 0x00000000e8c00000|100%| O|  |TAMS 0x00000000e8c00000, 0x00000000e8b00000| Complete 
| 140|0x00000000e8c00000, 0x00000000e8d00000, 0x00000000e8d00000|100%| O|  |TAMS 0x00000000e8d00000, 0x00000000e8c00000| Complete 
| 141|0x00000000e8d00000, 0x00000000e8e00000, 0x00000000e8e00000|100%|HS|  |TAMS 0x00000000e8d00000, 0x00000000e8d00000| Complete 
| 142|0x00000000e8e00000, 0x00000000e8e00000, 0x00000000e8f00000|  0%| F|  |TAMS 0x00000000e8e00000, 0x00000000e8e00000| Untracked 
| 143|0x00000000e8f00000, 0x00000000e8f00000, 0x00000000e9000000|  0%| F|  |TAMS 0x00000000e8f00000, 0x00000000e8f00000| Untracked 
| 144|0x00000000e9000000, 0x00000000e9000000, 0x00000000e9100000|  0%| F|  |TAMS 0x00000000e9000000, 0x00000000e9000000| Untracked 
| 145|0x00000000e9100000, 0x00000000e9200000, 0x00000000e9200000|100%| O|  |TAMS 0x00000000e9200000, 0x00000000e9100000| Complete 
| 146|0x00000000e9200000, 0x00000000e9200000, 0x00000000e9300000|  0%| F|  |TAMS 0x00000000e9200000, 0x00000000e9200000| Untracked 
| 147|0x00000000e9300000, 0x00000000e9300000, 0x00000000e9400000|  0%| F|  |TAMS 0x00000000e9300000, 0x00000000e9300000| Untracked 
| 148|0x00000000e9400000, 0x00000000e9400000, 0x00000000e9500000|  0%| F|  |TAMS 0x00000000e9400000, 0x00000000e9400000| Untracked 
| 149|0x00000000e9500000, 0x00000000e9500000, 0x00000000e9600000|  0%| F|  |TAMS 0x00000000e9500000, 0x00000000e9500000| Untracked 
| 150|0x00000000e9600000, 0x00000000e9600000, 0x00000000e9700000|  0%| F|  |TAMS 0x00000000e9600000, 0x00000000e9600000| Untracked 
| 151|0x00000000e9700000, 0x00000000e9800000, 0x00000000e9800000|100%| O|  |TAMS 0x00000000e9800000, 0x00000000e9700000| Complete 
| 152|0x00000000e9800000, 0x00000000e9843178, 0x00000000e9900000| 26%| S|CS|TAMS 0x00000000e9800000, 0x00000000e9800000| Complete 
| 153|0x00000000e9900000, 0x00000000e9a00000, 0x00000000e9a00000|100%| O|  |TAMS 0x00000000e9a00000, 0x00000000e9900000| Complete 
| 154|0x00000000e9a00000, 0x00000000e9a00000, 0x00000000e9b00000|  0%| F|  |TAMS 0x00000000e9a00000, 0x00000000e9a00000| Untracked 
| 155|0x00000000e9b00000, 0x00000000e9b00000, 0x00000000e9c00000|  0%| F|  |TAMS 0x00000000e9b00000, 0x00000000e9b00000| Untracked 
| 156|0x00000000e9c00000, 0x00000000e9d00000, 0x00000000e9d00000|100%| O|  |TAMS 0x00000000e9d00000, 0x00000000e9c00000| Complete 
| 157|0x00000000e9d00000, 0x00000000e9e00000, 0x00000000e9e00000|100%| O|  |TAMS 0x00000000e9e00000, 0x00000000e9d00000| Complete 
| 158|0x00000000e9e00000, 0x00000000e9f00000, 0x00000000e9f00000|100%| S|CS|TAMS 0x00000000e9e00000, 0x00000000e9e00000| Complete 
| 159|0x00000000e9f00000, 0x00000000ea000000, 0x00000000ea000000|100%| O|  |TAMS 0x00000000ea000000, 0x00000000e9f00000| Untracked 
| 160|0x00000000ea000000, 0x00000000ea100000, 0x00000000ea100000|100%| O|  |TAMS 0x00000000ea100000, 0x00000000ea000000| Complete 
| 161|0x00000000ea100000, 0x00000000ea200000, 0x00000000ea200000|100%| O|  |TAMS 0x00000000ea200000, 0x00000000ea100000| Complete 
| 162|0x00000000ea200000, 0x00000000ea200000, 0x00000000ea300000|  0%| F|  |TAMS 0x00000000ea200000, 0x00000000ea200000| Untracked 
| 163|0x00000000ea300000, 0x00000000ea300000, 0x00000000ea400000|  0%| F|  |TAMS 0x00000000ea300000, 0x00000000ea300000| Untracked 
| 164|0x00000000ea400000, 0x00000000ea400000, 0x00000000ea500000|  0%| F|  |TAMS 0x00000000ea400000, 0x00000000ea400000| Untracked 
| 165|0x00000000ea500000, 0x00000000ea500000, 0x00000000ea600000|  0%| F|  |TAMS 0x00000000ea500000, 0x00000000ea500000| Untracked 
| 166|0x00000000ea600000, 0x00000000ea600000, 0x00000000ea700000|  0%| F|  |TAMS 0x00000000ea600000, 0x00000000ea600000| Untracked 
| 167|0x00000000ea700000, 0x00000000ea700000, 0x00000000ea800000|  0%| F|  |TAMS 0x00000000ea700000, 0x00000000ea700000| Untracked 
| 168|0x00000000ea800000, 0x00000000ea800000, 0x00000000ea900000|  0%| F|  |TAMS 0x00000000ea800000, 0x00000000ea800000| Untracked 
| 169|0x00000000ea900000, 0x00000000ea900000, 0x00000000eaa00000|  0%| F|  |TAMS 0x00000000ea900000, 0x00000000ea900000| Untracked 
| 170|0x00000000eaa00000, 0x00000000eaa00000, 0x00000000eab00000|  0%| F|  |TAMS 0x00000000eaa00000, 0x00000000eaa00000| Untracked 
| 171|0x00000000eab00000, 0x00000000eab00000, 0x00000000eac00000|  0%| F|  |TAMS 0x00000000eab00000, 0x00000000eab00000| Untracked 
| 172|0x00000000eac00000, 0x00000000eac00000, 0x00000000ead00000|  0%| F|  |TAMS 0x00000000eac00000, 0x00000000eac00000| Untracked 
| 173|0x00000000ead00000, 0x00000000ead00000, 0x00000000eae00000|  0%| F|  |TAMS 0x00000000ead00000, 0x00000000ead00000| Untracked 
| 174|0x00000000eae00000, 0x00000000eaf00000, 0x00000000eaf00000|100%| O|  |TAMS 0x00000000eaf00000, 0x00000000eae00000| Complete 
| 175|0x00000000eaf00000, 0x00000000eb000000, 0x00000000eb000000|100%| O|  |TAMS 0x00000000eb000000, 0x00000000eaf00000| Complete 
| 176|0x00000000eb000000, 0x00000000eb000000, 0x00000000eb100000|  0%| F|  |TAMS 0x00000000eb000000, 0x00000000eb000000| Untracked 
| 177|0x00000000eb100000, 0x00000000eb100000, 0x00000000eb200000|  0%| F|  |TAMS 0x00000000eb100000, 0x00000000eb100000| Untracked 
| 178|0x00000000eb200000, 0x00000000eb200000, 0x00000000eb300000|  0%| F|  |TAMS 0x00000000eb200000, 0x00000000eb200000| Untracked 
| 179|0x00000000eb300000, 0x00000000eb300000, 0x00000000eb400000|  0%| F|  |TAMS 0x00000000eb300000, 0x00000000eb300000| Untracked 
| 180|0x00000000eb400000, 0x00000000eb500000, 0x00000000eb500000|100%| S|CS|TAMS 0x00000000eb400000, 0x00000000eb400000| Complete 
| 181|0x00000000eb500000, 0x00000000eb600000, 0x00000000eb600000|100%| O|  |TAMS 0x00000000eb600000, 0x00000000eb500000| Complete 
| 182|0x00000000eb600000, 0x00000000eb600000, 0x00000000eb700000|  0%| F|  |TAMS 0x00000000eb600000, 0x00000000eb600000| Untracked 
| 183|0x00000000eb700000, 0x00000000eb700000, 0x00000000eb800000|  0%| F|  |TAMS 0x00000000eb700000, 0x00000000eb700000| Untracked 
| 184|0x00000000eb800000, 0x00000000eb800000, 0x00000000eb900000|  0%| F|  |TAMS 0x00000000eb800000, 0x00000000eb800000| Untracked 
| 185|0x00000000eb900000, 0x00000000eb900000, 0x00000000eba00000|  0%| F|  |TAMS 0x00000000eb900000, 0x00000000eb900000| Untracked 
| 186|0x00000000eba00000, 0x00000000eba00000, 0x00000000ebb00000|  0%| F|  |TAMS 0x00000000eba00000, 0x00000000eba00000| Untracked 
| 187|0x00000000ebb00000, 0x00000000ebb00000, 0x00000000ebc00000|  0%| F|  |TAMS 0x00000000ebb00000, 0x00000000ebb00000| Untracked 
| 188|0x00000000ebc00000, 0x00000000ebc00000, 0x00000000ebd00000|  0%| F|  |TAMS 0x00000000ebc00000, 0x00000000ebc00000| Untracked 
| 189|0x00000000ebd00000, 0x00000000ebd00000, 0x00000000ebe00000|  0%| F|  |TAMS 0x00000000ebd00000, 0x00000000ebd00000| Untracked 
| 190|0x00000000ebe00000, 0x00000000ebe00000, 0x00000000ebf00000|  0%| F|  |TAMS 0x00000000ebe00000, 0x00000000ebe00000| Untracked 
| 191|0x00000000ebf00000, 0x00000000ebf00000, 0x00000000ec000000|  0%| F|  |TAMS 0x00000000ebf00000, 0x00000000ebf00000| Untracked 
| 192|0x00000000ec000000, 0x00000000ec000000, 0x00000000ec100000|  0%| F|  |TAMS 0x00000000ec000000, 0x00000000ec000000| Untracked 
| 193|0x00000000ec100000, 0x00000000ec100000, 0x00000000ec200000|  0%| F|  |TAMS 0x00000000ec100000, 0x00000000ec100000| Untracked 
| 194|0x00000000ec200000, 0x00000000ec200000, 0x00000000ec300000|  0%| F|  |TAMS 0x00000000ec200000, 0x00000000ec200000| Untracked 
| 195|0x00000000ec300000, 0x00000000ec300000, 0x00000000ec400000|  0%| F|  |TAMS 0x00000000ec300000, 0x00000000ec300000| Untracked 
| 196|0x00000000ec400000, 0x00000000ec400000, 0x00000000ec500000|  0%| F|  |TAMS 0x00000000ec400000, 0x00000000ec400000| Untracked 
| 197|0x00000000ec500000, 0x00000000ec500000, 0x00000000ec600000|  0%| F|  |TAMS 0x00000000ec500000, 0x00000000ec500000| Untracked 
| 198|0x00000000ec600000, 0x00000000ec600000, 0x00000000ec700000|  0%| F|  |TAMS 0x00000000ec600000, 0x00000000ec600000| Untracked 
| 199|0x00000000ec700000, 0x00000000ec700000, 0x00000000ec800000|  0%| F|  |TAMS 0x00000000ec700000, 0x00000000ec700000| Untracked 
| 200|0x00000000ec800000, 0x00000000ec900000, 0x00000000ec900000|100%| S|CS|TAMS 0x00000000ec800000, 0x00000000ec800000| Complete 
| 201|0x00000000ec900000, 0x00000000eca00000, 0x00000000eca00000|100%| S|CS|TAMS 0x00000000ec900000, 0x00000000ec900000| Complete 
| 202|0x00000000eca00000, 0x00000000ecb00000, 0x00000000ecb00000|100%| S|CS|TAMS 0x00000000eca00000, 0x00000000eca00000| Complete 
| 203|0x00000000ecb00000, 0x00000000ecc00000, 0x00000000ecc00000|100%| S|CS|TAMS 0x00000000ecb00000, 0x00000000ecb00000| Complete 
| 204|0x00000000ecc00000, 0x00000000ecd00000, 0x00000000ecd00000|100%| S|CS|TAMS 0x00000000ecc00000, 0x00000000ecc00000| Complete 
| 205|0x00000000ecd00000, 0x00000000ece00000, 0x00000000ece00000|100%| S|CS|TAMS 0x00000000ecd00000, 0x00000000ecd00000| Complete 
| 206|0x00000000ece00000, 0x00000000ecf00000, 0x00000000ecf00000|100%| S|CS|TAMS 0x00000000ece00000, 0x00000000ece00000| Complete 
| 207|0x00000000ecf00000, 0x00000000ecf00000, 0x00000000ed000000|  0%| F|  |TAMS 0x00000000ecf00000, 0x00000000ecf00000| Untracked 
| 208|0x00000000ed000000, 0x00000000ed000000, 0x00000000ed100000|  0%| F|  |TAMS 0x00000000ed000000, 0x00000000ed000000| Untracked 
| 209|0x00000000ed100000, 0x00000000ed100000, 0x00000000ed200000|  0%| F|  |TAMS 0x00000000ed100000, 0x00000000ed100000| Untracked 
| 210|0x00000000ed200000, 0x00000000ed200000, 0x00000000ed300000|  0%| F|  |TAMS 0x00000000ed200000, 0x00000000ed200000| Untracked 
| 211|0x00000000ed300000, 0x00000000ed300000, 0x00000000ed400000|  0%| F|  |TAMS 0x00000000ed300000, 0x00000000ed300000| Untracked 
| 212|0x00000000ed400000, 0x00000000ed400000, 0x00000000ed500000|  0%| F|  |TAMS 0x00000000ed400000, 0x00000000ed400000| Untracked 
| 213|0x00000000ed500000, 0x00000000ed500000, 0x00000000ed600000|  0%| F|  |TAMS 0x00000000ed500000, 0x00000000ed500000| Untracked 
| 214|0x00000000ed600000, 0x00000000ed600000, 0x00000000ed700000|  0%| F|  |TAMS 0x00000000ed600000, 0x00000000ed600000| Untracked 
| 215|0x00000000ed700000, 0x00000000ed700000, 0x00000000ed800000|  0%| F|  |TAMS 0x00000000ed700000, 0x00000000ed700000| Untracked 
| 216|0x00000000ed800000, 0x00000000ed800000, 0x00000000ed900000|  0%| F|  |TAMS 0x00000000ed800000, 0x00000000ed800000| Untracked 
| 217|0x00000000ed900000, 0x00000000ed900000, 0x00000000eda00000|  0%| F|  |TAMS 0x00000000ed900000, 0x00000000ed900000| Untracked 
| 218|0x00000000eda00000, 0x00000000eda00000, 0x00000000edb00000|  0%| F|  |TAMS 0x00000000eda00000, 0x00000000eda00000| Untracked 
| 219|0x00000000edb00000, 0x00000000edb00000, 0x00000000edc00000|  0%| F|  |TAMS 0x00000000edb00000, 0x00000000edb00000| Untracked 
| 220|0x00000000edc00000, 0x00000000edc00000, 0x00000000edd00000|  0%| F|  |TAMS 0x00000000edc00000, 0x00000000edc00000| Untracked 
| 221|0x00000000edd00000, 0x00000000edd00000, 0x00000000ede00000|  0%| F|  |TAMS 0x00000000edd00000, 0x00000000edd00000| Untracked 
| 222|0x00000000ede00000, 0x00000000ede00000, 0x00000000edf00000|  0%| F|  |TAMS 0x00000000ede00000, 0x00000000ede00000| Untracked 
| 223|0x00000000edf00000, 0x00000000edf00000, 0x00000000ee000000|  0%| F|  |TAMS 0x00000000edf00000, 0x00000000edf00000| Untracked 
| 224|0x00000000ee000000, 0x00000000ee000000, 0x00000000ee100000|  0%| F|  |TAMS 0x00000000ee000000, 0x00000000ee000000| Untracked 
| 225|0x00000000ee100000, 0x00000000ee100000, 0x00000000ee200000|  0%| F|  |TAMS 0x00000000ee100000, 0x00000000ee100000| Untracked 
| 226|0x00000000ee200000, 0x00000000ee200000, 0x00000000ee300000|  0%| F|  |TAMS 0x00000000ee200000, 0x00000000ee200000| Untracked 
| 227|0x00000000ee300000, 0x00000000ee300000, 0x00000000ee400000|  0%| F|  |TAMS 0x00000000ee300000, 0x00000000ee300000| Untracked 
| 228|0x00000000ee400000, 0x00000000ee400000, 0x00000000ee500000|  0%| F|  |TAMS 0x00000000ee400000, 0x00000000ee400000| Untracked 
| 229|0x00000000ee500000, 0x00000000ee500000, 0x00000000ee600000|  0%| F|  |TAMS 0x00000000ee500000, 0x00000000ee500000| Untracked 
| 230|0x00000000ee600000, 0x00000000ee600000, 0x00000000ee700000|  0%| F|  |TAMS 0x00000000ee600000, 0x00000000ee600000| Untracked 
| 231|0x00000000ee700000, 0x00000000ee700000, 0x00000000ee800000|  0%| F|  |TAMS 0x00000000ee700000, 0x00000000ee700000| Untracked 
| 232|0x00000000ee800000, 0x00000000ee800000, 0x00000000ee900000|  0%| F|  |TAMS 0x00000000ee800000, 0x00000000ee800000| Untracked 
| 233|0x00000000ee900000, 0x00000000ee900000, 0x00000000eea00000|  0%| F|  |TAMS 0x00000000ee900000, 0x00000000ee900000| Untracked 
| 234|0x00000000eea00000, 0x00000000eea00000, 0x00000000eeb00000|  0%| F|  |TAMS 0x00000000eea00000, 0x00000000eea00000| Untracked 
| 235|0x00000000eeb00000, 0x00000000eeb00000, 0x00000000eec00000|  0%| F|  |TAMS 0x00000000eeb00000, 0x00000000eeb00000| Untracked 
| 236|0x00000000eec00000, 0x00000000eec00000, 0x00000000eed00000|  0%| F|  |TAMS 0x00000000eec00000, 0x00000000eec00000| Untracked 
| 237|0x00000000eed00000, 0x00000000eed00000, 0x00000000eee00000|  0%| F|  |TAMS 0x00000000eed00000, 0x00000000eed00000| Untracked 
| 238|0x00000000eee00000, 0x00000000eee00000, 0x00000000eef00000|  0%| F|  |TAMS 0x00000000eee00000, 0x00000000eee00000| Untracked 
| 239|0x00000000eef00000, 0x00000000eef00000, 0x00000000ef000000|  0%| F|  |TAMS 0x00000000eef00000, 0x00000000eef00000| Untracked 
| 240|0x00000000ef000000, 0x00000000ef000000, 0x00000000ef100000|  0%| F|  |TAMS 0x00000000ef000000, 0x00000000ef000000| Untracked 
| 241|0x00000000ef100000, 0x00000000ef100000, 0x00000000ef200000|  0%| F|  |TAMS 0x00000000ef100000, 0x00000000ef100000| Untracked 
| 242|0x00000000ef200000, 0x00000000ef200000, 0x00000000ef300000|  0%| F|  |TAMS 0x00000000ef200000, 0x00000000ef200000| Untracked 
| 243|0x00000000ef300000, 0x00000000ef300000, 0x00000000ef400000|  0%| F|  |TAMS 0x00000000ef300000, 0x00000000ef300000| Untracked 
| 244|0x00000000ef400000, 0x00000000ef400000, 0x00000000ef500000|  0%| F|  |TAMS 0x00000000ef400000, 0x00000000ef400000| Untracked 
| 245|0x00000000ef500000, 0x00000000ef500000, 0x00000000ef600000|  0%| F|  |TAMS 0x00000000ef500000, 0x00000000ef500000| Untracked 
| 246|0x00000000ef600000, 0x00000000ef600000, 0x00000000ef700000|  0%| F|  |TAMS 0x00000000ef600000, 0x00000000ef600000| Untracked 
| 247|0x00000000ef700000, 0x00000000ef700000, 0x00000000ef800000|  0%| F|  |TAMS 0x00000000ef700000, 0x00000000ef700000| Untracked 
| 248|0x00000000ef800000, 0x00000000ef800000, 0x00000000ef900000|  0%| F|  |TAMS 0x00000000ef800000, 0x00000000ef800000| Untracked 
| 249|0x00000000ef900000, 0x00000000ef900000, 0x00000000efa00000|  0%| F|  |TAMS 0x00000000ef900000, 0x00000000ef900000| Untracked 
| 250|0x00000000efa00000, 0x00000000efa00000, 0x00000000efb00000|  0%| F|  |TAMS 0x00000000efa00000, 0x00000000efa00000| Untracked 
| 251|0x00000000efb00000, 0x00000000efb00000, 0x00000000efc00000|  0%| F|  |TAMS 0x00000000efb00000, 0x00000000efb00000| Untracked 
| 252|0x00000000efc00000, 0x00000000efc00000, 0x00000000efd00000|  0%| F|  |TAMS 0x00000000efc00000, 0x00000000efc00000| Untracked 
| 253|0x00000000efd00000, 0x00000000efd00000, 0x00000000efe00000|  0%| F|  |TAMS 0x00000000efd00000, 0x00000000efd00000| Untracked 
| 254|0x00000000efe00000, 0x00000000efe00000, 0x00000000eff00000|  0%| F|  |TAMS 0x00000000efe00000, 0x00000000efe00000| Untracked 
| 255|0x00000000eff00000, 0x00000000eff00000, 0x00000000f0000000|  0%| F|  |TAMS 0x00000000eff00000, 0x00000000eff00000| Untracked 
| 256|0x00000000f0000000, 0x00000000f0000000, 0x00000000f0100000|  0%| F|  |TAMS 0x00000000f0000000, 0x00000000f0000000| Untracked 
| 257|0x00000000f0100000, 0x00000000f0100000, 0x00000000f0200000|  0%| F|  |TAMS 0x00000000f0100000, 0x00000000f0100000| Untracked 
| 258|0x00000000f0200000, 0x00000000f0200000, 0x00000000f0300000|  0%| F|  |TAMS 0x00000000f0200000, 0x00000000f0200000| Untracked 
| 259|0x00000000f0300000, 0x00000000f0300000, 0x00000000f0400000|  0%| F|  |TAMS 0x00000000f0300000, 0x00000000f0300000| Untracked 
| 260|0x00000000f0400000, 0x00000000f0400000, 0x00000000f0500000|  0%| F|  |TAMS 0x00000000f0400000, 0x00000000f0400000| Untracked 
| 261|0x00000000f0500000, 0x00000000f0500000, 0x00000000f0600000|  0%| F|  |TAMS 0x00000000f0500000, 0x00000000f0500000| Untracked 
| 262|0x00000000f0600000, 0x00000000f0600000, 0x00000000f0700000|  0%| F|  |TAMS 0x00000000f0600000, 0x00000000f0600000| Untracked 
| 263|0x00000000f0700000, 0x00000000f0700000, 0x00000000f0800000|  0%| F|  |TAMS 0x00000000f0700000, 0x00000000f0700000| Untracked 
| 264|0x00000000f0800000, 0x00000000f0800000, 0x00000000f0900000|  0%| F|  |TAMS 0x00000000f0800000, 0x00000000f0800000| Untracked 
| 265|0x00000000f0900000, 0x00000000f0900000, 0x00000000f0a00000|  0%| F|  |TAMS 0x00000000f0900000, 0x00000000f0900000| Untracked 
| 266|0x00000000f0a00000, 0x00000000f0a00000, 0x00000000f0b00000|  0%| F|  |TAMS 0x00000000f0a00000, 0x00000000f0a00000| Untracked 
| 267|0x00000000f0b00000, 0x00000000f0b00000, 0x00000000f0c00000|  0%| F|  |TAMS 0x00000000f0b00000, 0x00000000f0b00000| Untracked 
| 268|0x00000000f0c00000, 0x00000000f0c00000, 0x00000000f0d00000|  0%| F|  |TAMS 0x00000000f0c00000, 0x00000000f0c00000| Untracked 
| 269|0x00000000f0d00000, 0x00000000f0d00000, 0x00000000f0e00000|  0%| F|  |TAMS 0x00000000f0d00000, 0x00000000f0d00000| Untracked 
| 270|0x00000000f0e00000, 0x00000000f0e00000, 0x00000000f0f00000|  0%| F|  |TAMS 0x00000000f0e00000, 0x00000000f0e00000| Untracked 
| 271|0x00000000f0f00000, 0x00000000f0f00000, 0x00000000f1000000|  0%| F|  |TAMS 0x00000000f0f00000, 0x00000000f0f00000| Untracked 
| 272|0x00000000f1000000, 0x00000000f1000000, 0x00000000f1100000|  0%| F|  |TAMS 0x00000000f1000000, 0x00000000f1000000| Untracked 
| 273|0x00000000f1100000, 0x00000000f1100000, 0x00000000f1200000|  0%| F|  |TAMS 0x00000000f1100000, 0x00000000f1100000| Untracked 
| 274|0x00000000f1200000, 0x00000000f1200000, 0x00000000f1300000|  0%| F|  |TAMS 0x00000000f1200000, 0x00000000f1200000| Untracked 
| 275|0x00000000f1300000, 0x00000000f1300000, 0x00000000f1400000|  0%| F|  |TAMS 0x00000000f1300000, 0x00000000f1300000| Untracked 
| 276|0x00000000f1400000, 0x00000000f1400000, 0x00000000f1500000|  0%| F|  |TAMS 0x00000000f1400000, 0x00000000f1400000| Untracked 
| 277|0x00000000f1500000, 0x00000000f1500000, 0x00000000f1600000|  0%| F|  |TAMS 0x00000000f1500000, 0x00000000f1500000| Untracked 
| 278|0x00000000f1600000, 0x00000000f1600000, 0x00000000f1700000|  0%| F|  |TAMS 0x00000000f1600000, 0x00000000f1600000| Untracked 
| 279|0x00000000f1700000, 0x00000000f1700000, 0x00000000f1800000|  0%| F|  |TAMS 0x00000000f1700000, 0x00000000f1700000| Untracked 
| 280|0x00000000f1800000, 0x00000000f1800000, 0x00000000f1900000|  0%| F|  |TAMS 0x00000000f1800000, 0x00000000f1800000| Untracked 
| 281|0x00000000f1900000, 0x00000000f1900000, 0x00000000f1a00000|  0%| F|  |TAMS 0x00000000f1900000, 0x00000000f1900000| Untracked 
| 282|0x00000000f1a00000, 0x00000000f1a00000, 0x00000000f1b00000|  0%| F|  |TAMS 0x00000000f1a00000, 0x00000000f1a00000| Untracked 
| 283|0x00000000f1b00000, 0x00000000f1b00000, 0x00000000f1c00000|  0%| F|  |TAMS 0x00000000f1b00000, 0x00000000f1b00000| Untracked 
| 284|0x00000000f1c00000, 0x00000000f1c00000, 0x00000000f1d00000|  0%| F|  |TAMS 0x00000000f1c00000, 0x00000000f1c00000| Untracked 
| 285|0x00000000f1d00000, 0x00000000f1d00000, 0x00000000f1e00000|  0%| F|  |TAMS 0x00000000f1d00000, 0x00000000f1d00000| Untracked 
| 286|0x00000000f1e00000, 0x00000000f1e00000, 0x00000000f1f00000|  0%| F|  |TAMS 0x00000000f1e00000, 0x00000000f1e00000| Untracked 
| 287|0x00000000f1f00000, 0x00000000f1f00000, 0x00000000f2000000|  0%| F|  |TAMS 0x00000000f1f00000, 0x00000000f1f00000| Untracked 
| 288|0x00000000f2000000, 0x00000000f2000000, 0x00000000f2100000|  0%| F|  |TAMS 0x00000000f2000000, 0x00000000f2000000| Untracked 
| 289|0x00000000f2100000, 0x00000000f2100000, 0x00000000f2200000|  0%| F|  |TAMS 0x00000000f2100000, 0x00000000f2100000| Untracked 
| 290|0x00000000f2200000, 0x00000000f2200000, 0x00000000f2300000|  0%| F|  |TAMS 0x00000000f2200000, 0x00000000f2200000| Untracked 
| 291|0x00000000f2300000, 0x00000000f2300000, 0x00000000f2400000|  0%| F|  |TAMS 0x00000000f2300000, 0x00000000f2300000| Untracked 
| 292|0x00000000f2400000, 0x00000000f2400000, 0x00000000f2500000|  0%| F|  |TAMS 0x00000000f2400000, 0x00000000f2400000| Untracked 
| 293|0x00000000f2500000, 0x00000000f2500000, 0x00000000f2600000|  0%| F|  |TAMS 0x00000000f2500000, 0x00000000f2500000| Untracked 
| 294|0x00000000f2600000, 0x00000000f2600000, 0x00000000f2700000|  0%| F|  |TAMS 0x00000000f2600000, 0x00000000f2600000| Untracked 
| 295|0x00000000f2700000, 0x00000000f2700000, 0x00000000f2800000|  0%| F|  |TAMS 0x00000000f2700000, 0x00000000f2700000| Untracked 
| 296|0x00000000f2800000, 0x00000000f2800000, 0x00000000f2900000|  0%| F|  |TAMS 0x00000000f2800000, 0x00000000f2800000| Untracked 
| 297|0x00000000f2900000, 0x00000000f2900000, 0x00000000f2a00000|  0%| F|  |TAMS 0x00000000f2900000, 0x00000000f2900000| Untracked 
| 298|0x00000000f2a00000, 0x00000000f2a00000, 0x00000000f2b00000|  0%| F|  |TAMS 0x00000000f2a00000, 0x00000000f2a00000| Untracked 
| 299|0x00000000f2b00000, 0x00000000f2b00000, 0x00000000f2c00000|  0%| F|  |TAMS 0x00000000f2b00000, 0x00000000f2b00000| Untracked 
| 300|0x00000000f2c00000, 0x00000000f2c00000, 0x00000000f2d00000|  0%| F|  |TAMS 0x00000000f2c00000, 0x00000000f2c00000| Untracked 
| 301|0x00000000f2d00000, 0x00000000f2d00000, 0x00000000f2e00000|  0%| F|  |TAMS 0x00000000f2d00000, 0x00000000f2d00000| Untracked 
| 302|0x00000000f2e00000, 0x00000000f2e00000, 0x00000000f2f00000|  0%| F|  |TAMS 0x00000000f2e00000, 0x00000000f2e00000| Untracked 
| 303|0x00000000f2f00000, 0x00000000f2f00000, 0x00000000f3000000|  0%| F|  |TAMS 0x00000000f2f00000, 0x00000000f2f00000| Untracked 
| 304|0x00000000f3000000, 0x00000000f3000000, 0x00000000f3100000|  0%| F|  |TAMS 0x00000000f3000000, 0x00000000f3000000| Untracked 
| 305|0x00000000f3100000, 0x00000000f3100000, 0x00000000f3200000|  0%| F|  |TAMS 0x00000000f3100000, 0x00000000f3100000| Untracked 
| 306|0x00000000f3200000, 0x00000000f3200000, 0x00000000f3300000|  0%| F|  |TAMS 0x00000000f3200000, 0x00000000f3200000| Untracked 
| 307|0x00000000f3300000, 0x00000000f3300000, 0x00000000f3400000|  0%| F|  |TAMS 0x00000000f3300000, 0x00000000f3300000| Untracked 
| 308|0x00000000f3400000, 0x00000000f3400000, 0x00000000f3500000|  0%| F|  |TAMS 0x00000000f3400000, 0x00000000f3400000| Untracked 
| 309|0x00000000f3500000, 0x00000000f3500000, 0x00000000f3600000|  0%| F|  |TAMS 0x00000000f3500000, 0x00000000f3500000| Untracked 
| 310|0x00000000f3600000, 0x00000000f3600000, 0x00000000f3700000|  0%| F|  |TAMS 0x00000000f3600000, 0x00000000f3600000| Untracked 
| 311|0x00000000f3700000, 0x00000000f3700000, 0x00000000f3800000|  0%| F|  |TAMS 0x00000000f3700000, 0x00000000f3700000| Untracked 
| 312|0x00000000f3800000, 0x00000000f3800000, 0x00000000f3900000|  0%| F|  |TAMS 0x00000000f3800000, 0x00000000f3800000| Untracked 
| 313|0x00000000f3900000, 0x00000000f3900000, 0x00000000f3a00000|  0%| F|  |TAMS 0x00000000f3900000, 0x00000000f3900000| Untracked 
| 314|0x00000000f3a00000, 0x00000000f3a00000, 0x00000000f3b00000|  0%| F|  |TAMS 0x00000000f3a00000, 0x00000000f3a00000| Untracked 
| 315|0x00000000f3b00000, 0x00000000f3b00000, 0x00000000f3c00000|  0%| F|  |TAMS 0x00000000f3b00000, 0x00000000f3b00000| Untracked 
| 316|0x00000000f3c00000, 0x00000000f3c00000, 0x00000000f3d00000|  0%| F|  |TAMS 0x00000000f3c00000, 0x00000000f3c00000| Untracked 
| 317|0x00000000f3d00000, 0x00000000f3d00000, 0x00000000f3e00000|  0%| F|  |TAMS 0x00000000f3d00000, 0x00000000f3d00000| Untracked 
| 318|0x00000000f3e00000, 0x00000000f3e00000, 0x00000000f3f00000|  0%| F|  |TAMS 0x00000000f3e00000, 0x00000000f3e00000| Untracked 
| 319|0x00000000f3f00000, 0x00000000f3f00000, 0x00000000f4000000|  0%| F|  |TAMS 0x00000000f3f00000, 0x00000000f3f00000| Untracked 
| 320|0x00000000f4000000, 0x00000000f4000000, 0x00000000f4100000|  0%| F|  |TAMS 0x00000000f4000000, 0x00000000f4000000| Untracked 
| 321|0x00000000f4100000, 0x00000000f4100000, 0x00000000f4200000|  0%| F|  |TAMS 0x00000000f4100000, 0x00000000f4100000| Untracked 
| 322|0x00000000f4200000, 0x00000000f4200000, 0x00000000f4300000|  0%| F|  |TAMS 0x00000000f4200000, 0x00000000f4200000| Untracked 
| 323|0x00000000f4300000, 0x00000000f4300000, 0x00000000f4400000|  0%| F|  |TAMS 0x00000000f4300000, 0x00000000f4300000| Untracked 
| 324|0x00000000f4400000, 0x00000000f4400000, 0x00000000f4500000|  0%| F|  |TAMS 0x00000000f4400000, 0x00000000f4400000| Untracked 
| 325|0x00000000f4500000, 0x00000000f4500000, 0x00000000f4600000|  0%| F|  |TAMS 0x00000000f4500000, 0x00000000f4500000| Untracked 
| 326|0x00000000f4600000, 0x00000000f4600000, 0x00000000f4700000|  0%| F|  |TAMS 0x00000000f4600000, 0x00000000f4600000| Untracked 
| 327|0x00000000f4700000, 0x00000000f4700000, 0x00000000f4800000|  0%| F|  |TAMS 0x00000000f4700000, 0x00000000f4700000| Untracked 
| 328|0x00000000f4800000, 0x00000000f4800000, 0x00000000f4900000|  0%| F|  |TAMS 0x00000000f4800000, 0x00000000f4800000| Untracked 
| 329|0x00000000f4900000, 0x00000000f4900000, 0x00000000f4a00000|  0%| F|  |TAMS 0x00000000f4900000, 0x00000000f4900000| Untracked 
| 330|0x00000000f4a00000, 0x00000000f4a00000, 0x00000000f4b00000|  0%| F|  |TAMS 0x00000000f4a00000, 0x00000000f4a00000| Untracked 
| 331|0x00000000f4b00000, 0x00000000f4b00000, 0x00000000f4c00000|  0%| F|  |TAMS 0x00000000f4b00000, 0x00000000f4b00000| Untracked 
| 332|0x00000000f4c00000, 0x00000000f4c00000, 0x00000000f4d00000|  0%| F|  |TAMS 0x00000000f4c00000, 0x00000000f4c00000| Untracked 
| 333|0x00000000f4d00000, 0x00000000f4d00000, 0x00000000f4e00000|  0%| F|  |TAMS 0x00000000f4d00000, 0x00000000f4d00000| Untracked 
| 334|0x00000000f4e00000, 0x00000000f4e00000, 0x00000000f4f00000|  0%| F|  |TAMS 0x00000000f4e00000, 0x00000000f4e00000| Untracked 
| 335|0x00000000f4f00000, 0x00000000f4f00000, 0x00000000f5000000|  0%| F|  |TAMS 0x00000000f4f00000, 0x00000000f4f00000| Untracked 
| 336|0x00000000f5000000, 0x00000000f5000000, 0x00000000f5100000|  0%| F|  |TAMS 0x00000000f5000000, 0x00000000f5000000| Untracked 
| 337|0x00000000f5100000, 0x00000000f5100000, 0x00000000f5200000|  0%| F|  |TAMS 0x00000000f5100000, 0x00000000f5100000| Untracked 
| 338|0x00000000f5200000, 0x00000000f5200000, 0x00000000f5300000|  0%| F|  |TAMS 0x00000000f5200000, 0x00000000f5200000| Untracked 
| 339|0x00000000f5300000, 0x00000000f5300000, 0x00000000f5400000|  0%| F|  |TAMS 0x00000000f5300000, 0x00000000f5300000| Untracked 
| 340|0x00000000f5400000, 0x00000000f5400000, 0x00000000f5500000|  0%| F|  |TAMS 0x00000000f5400000, 0x00000000f5400000| Untracked 
| 341|0x00000000f5500000, 0x00000000f5500000, 0x00000000f5600000|  0%| F|  |TAMS 0x00000000f5500000, 0x00000000f5500000| Untracked 
| 342|0x00000000f5600000, 0x00000000f5600000, 0x00000000f5700000|  0%| F|  |TAMS 0x00000000f5600000, 0x00000000f5600000| Untracked 
| 343|0x00000000f5700000, 0x00000000f5700000, 0x00000000f5800000|  0%| F|  |TAMS 0x00000000f5700000, 0x00000000f5700000| Untracked 
| 344|0x00000000f5800000, 0x00000000f5800000, 0x00000000f5900000|  0%| F|  |TAMS 0x00000000f5800000, 0x00000000f5800000| Untracked 
| 345|0x00000000f5900000, 0x00000000f5900000, 0x00000000f5a00000|  0%| F|  |TAMS 0x00000000f5900000, 0x00000000f5900000| Untracked 
| 346|0x00000000f5a00000, 0x00000000f5a00000, 0x00000000f5b00000|  0%| F|  |TAMS 0x00000000f5a00000, 0x00000000f5a00000| Untracked 
| 347|0x00000000f5b00000, 0x00000000f5b00000, 0x00000000f5c00000|  0%| F|  |TAMS 0x00000000f5b00000, 0x00000000f5b00000| Untracked 
| 348|0x00000000f5c00000, 0x00000000f5c00000, 0x00000000f5d00000|  0%| F|  |TAMS 0x00000000f5c00000, 0x00000000f5c00000| Untracked 
| 349|0x00000000f5d00000, 0x00000000f5d00000, 0x00000000f5e00000|  0%| F|  |TAMS 0x00000000f5d00000, 0x00000000f5d00000| Untracked 
| 350|0x00000000f5e00000, 0x00000000f5e00000, 0x00000000f5f00000|  0%| F|  |TAMS 0x00000000f5e00000, 0x00000000f5e00000| Untracked 
| 351|0x00000000f5f00000, 0x00000000f5f00000, 0x00000000f6000000|  0%| F|  |TAMS 0x00000000f5f00000, 0x00000000f5f00000| Untracked 
| 352|0x00000000f6000000, 0x00000000f6000000, 0x00000000f6100000|  0%| F|  |TAMS 0x00000000f6000000, 0x00000000f6000000| Untracked 
| 353|0x00000000f6100000, 0x00000000f6100000, 0x00000000f6200000|  0%| F|  |TAMS 0x00000000f6100000, 0x00000000f6100000| Untracked 
| 354|0x00000000f6200000, 0x00000000f6200000, 0x00000000f6300000|  0%| F|  |TAMS 0x00000000f6200000, 0x00000000f6200000| Untracked 
| 355|0x00000000f6300000, 0x00000000f6300000, 0x00000000f6400000|  0%| F|  |TAMS 0x00000000f6300000, 0x00000000f6300000| Untracked 
| 356|0x00000000f6400000, 0x00000000f6400000, 0x00000000f6500000|  0%| F|  |TAMS 0x00000000f6400000, 0x00000000f6400000| Untracked 
| 357|0x00000000f6500000, 0x00000000f6500000, 0x00000000f6600000|  0%| F|  |TAMS 0x00000000f6500000, 0x00000000f6500000| Untracked 
| 358|0x00000000f6600000, 0x00000000f6600000, 0x00000000f6700000|  0%| F|  |TAMS 0x00000000f6600000, 0x00000000f6600000| Untracked 
| 359|0x00000000f6700000, 0x00000000f6700000, 0x00000000f6800000|  0%| F|  |TAMS 0x00000000f6700000, 0x00000000f6700000| Untracked 
| 360|0x00000000f6800000, 0x00000000f6800000, 0x00000000f6900000|  0%| F|  |TAMS 0x00000000f6800000, 0x00000000f6800000| Untracked 
| 361|0x00000000f6900000, 0x00000000f6900000, 0x00000000f6a00000|  0%| F|  |TAMS 0x00000000f6900000, 0x00000000f6900000| Untracked 
| 362|0x00000000f6a00000, 0x00000000f6a00000, 0x00000000f6b00000|  0%| F|  |TAMS 0x00000000f6a00000, 0x00000000f6a00000| Untracked 
| 363|0x00000000f6b00000, 0x00000000f6b00000, 0x00000000f6c00000|  0%| F|  |TAMS 0x00000000f6b00000, 0x00000000f6b00000| Untracked 
| 364|0x00000000f6c00000, 0x00000000f6c00000, 0x00000000f6d00000|  0%| F|  |TAMS 0x00000000f6c00000, 0x00000000f6c00000| Untracked 
| 365|0x00000000f6d00000, 0x00000000f6d00000, 0x00000000f6e00000|  0%| F|  |TAMS 0x00000000f6d00000, 0x00000000f6d00000| Untracked 
| 366|0x00000000f6e00000, 0x00000000f6e00000, 0x00000000f6f00000|  0%| F|  |TAMS 0x00000000f6e00000, 0x00000000f6e00000| Untracked 
| 367|0x00000000f6f00000, 0x00000000f6f00000, 0x00000000f7000000|  0%| F|  |TAMS 0x00000000f6f00000, 0x00000000f6f00000| Untracked 
| 368|0x00000000f7000000, 0x00000000f7000000, 0x00000000f7100000|  0%| F|  |TAMS 0x00000000f7000000, 0x00000000f7000000| Untracked 
| 369|0x00000000f7100000, 0x00000000f7100000, 0x00000000f7200000|  0%| F|  |TAMS 0x00000000f7100000, 0x00000000f7100000| Untracked 
| 370|0x00000000f7200000, 0x00000000f7200000, 0x00000000f7300000|  0%| F|  |TAMS 0x00000000f7200000, 0x00000000f7200000| Untracked 
| 371|0x00000000f7300000, 0x00000000f7300000, 0x00000000f7400000|  0%| F|  |TAMS 0x00000000f7300000, 0x00000000f7300000| Untracked 
| 372|0x00000000f7400000, 0x00000000f7400000, 0x00000000f7500000|  0%| F|  |TAMS 0x00000000f7400000, 0x00000000f7400000| Untracked 
| 373|0x00000000f7500000, 0x00000000f75bf820, 0x00000000f7600000| 74%| E|  |TAMS 0x00000000f7500000, 0x00000000f7500000| Complete 

Card table byte_map: [0x00000295641e0000,0x00000295642e0000] _byte_map_base: 0x0000029563ae0000

Marking Bits (Prev, Next): (CMBitMap*) 0x0000029551702bd0, (CMBitMap*) 0x0000029551702b98
 Prev Bits: [0x0000029564be0000, 0x00000295653e0000)
 Next Bits: [0x00000295643e0000, 0x0000029564be0000)

Polling page: 0x000002954f5c0000

Metaspace:

Usage:
  Non-class:    116.28 MB capacity,   113.49 MB ( 98%) used,     2.25 MB (  2%) free+waste,   555.13 KB ( <1%) overhead. 
      Class:     16.86 MB capacity,    15.26 MB ( 91%) used,     1.37 MB (  8%) free+waste,   233.31 KB (  1%) overhead. 
       Both:    133.14 MB capacity,   128.75 MB ( 97%) used,     3.62 MB (  3%) free+waste,   788.44 KB ( <1%) overhead. 

Virtual space:
  Non-class space:      118.00 MB reserved,     116.75 MB ( 99%) committed 
      Class space:      248.00 MB reserved,      17.07 MB (  7%) committed 
             Both:      366.00 MB reserved,     133.82 MB ( 37%) committed 

Chunk freelists:
   Non-Class:  484.00 KB
       Class:  129.00 KB
        Both:  613.00 KB

MaxMetaspaceSize: 256.00 MB
CompressedClassSpaceSize: 248.00 MB

CodeHeap 'non-profiled nmethods': size=120064Kb used=41819Kb max_used=41819Kb free=78244Kb
 bounds [0x000002955cca0000, 0x000002955f580000, 0x00000295641e0000]
CodeHeap 'profiled nmethods': size=120000Kb used=64195Kb max_used=65606Kb free=55804Kb
 bounds [0x0000029555770000, 0x0000029559800000, 0x000002955cca0000]
CodeHeap 'non-nmethods': size=5696Kb used=2385Kb max_used=2461Kb free=3310Kb
 bounds [0x00000295551e0000, 0x0000029555450000, 0x0000029555770000]
 total_blobs=32619 nmethods=31643 adapters=883
 compilation: enabled
              stopped_count=0, restarted_count=0
 full_count=0

Compilation events (20 events):
Event: 8745.296 Thread 0x0000029567a1e000 nmethod 42202 0x000002955f57c810 code [0x000002955f57c9c0, 0x000002955f57cbe8]
Event: 8745.296 Thread 0x0000029567a1e000 42203       4       org.gradle.internal.metaobject.AbstractDynamicObject::getProperty (24 bytes)
Event: 8745.296 Thread 0x0000029567a21800 42204   !   3       java_lang_String$contains::call (38 bytes)
Event: 8745.297 Thread 0x0000029567a21800 nmethod 42204 0x0000029557360690 code [0x00000295573608c0, 0x0000029557360f58]
Event: 8745.297 Thread 0x0000029567a1e000 nmethod 42203 0x000002955f57cd90 code [0x000002955f57cf20, 0x000002955f57cfd8]
Event: 8745.346 Thread 0x0000029567a21800 42205   !   3       com.sun.org.apache.xerces.internal.impl.XMLDocumentScannerImpl$XMLDeclDriver::next (172 bytes)
Event: 8745.348 Thread 0x0000029567a21800 nmethod 42205 0x000002955761cf90 code [0x000002955761d240, 0x000002955761dfa8]
Event: 8745.348 Thread 0x0000029567a21800 42206   !   3       com.sun.org.apache.xerces.internal.impl.XMLDocumentScannerImpl$PrologDriver::next (1183 bytes)
Event: 8745.353 Thread 0x0000029567a21800 nmethod 42206 0x00000295588bae10 code [0x00000295588bb4a0, 0x00000295588bf428]
Event: 8745.353 Thread 0x0000029567a21800 42207       3       com.sun.org.apache.xerces.internal.impl.XMLNSDocumentScannerImpl$NSContentDriver::scanRootElementHook (41 bytes)
Event: 8745.354 Thread 0x0000029567a21800 nmethod 42207 0x000002955698b810 code [0x000002955698b9e0, 0x000002955698bc38]
Event: 8745.354 Thread 0x0000029567a21800 42208       3       com.sun.org.apache.xerces.internal.impl.XMLNSDocumentScannerImpl$NSContentDriver::reconfigurePipeline (154 bytes)
Event: 8745.354 Thread 0x0000029567a21800 nmethod 42208 0x000002955748de10 code [0x000002955748e060, 0x000002955748ea28]
Event: 8745.418 Thread 0x0000029567a1e000 42209       4       org.gradle.internal.resources.DefaultResourceLockCoordinationService$AcquireLocks::transform (62 bytes)
Event: 8745.436 Thread 0x0000029567a1e000 nmethod 42209 0x000002955f57d110 code [0x000002955f57d360, 0x000002955f57db30]
Event: 8745.436 Thread 0x0000029567a1e000 42210       4       org.gradle.internal.resources.DefaultResourceLockCoordinationService$AcquireLocks::transform (9 bytes)
Event: 8745.455 Thread 0x0000029567a1e000 nmethod 42210 0x000002955f57e110 code [0x000002955f57e360, 0x000002955f57eb50]
Event: 8745.708 Thread 0x0000029567a1e000 42211       4       java.io.ObjectInputStream::readFields (74 bytes)
Event: 8745.712 Thread 0x0000029567a21800 42213       3       com.android.aaptcompiler.NamespaceContext::pop$aaptcompiler (82 bytes)
Event: 8745.714 Thread 0x0000029567a21800 nmethod 42213 0x0000029557860990 code [0x0000029557860d40, 0x0000029557862338]

GC Heap History (20 events):
Event: 8622.053 GC heap before
{Heap before GC invocations=936 (full 0):
 garbage-first heap   total 382976K, used 192738K [0x00000000e0000000, 0x0000000100000000)
  region size 1024K, 72 young (73728K), 2 survivors (2048K)
 Metaspace       used 131740K, capacity 136206K, committed 137036K, reserved 374784K
  class space    used 15622K, capacity 17255K, committed 17484K, reserved 253952K
}
Event: 8622.063 GC heap after
{Heap after GC invocations=937 (full 0):
 garbage-first heap   total 382976K, used 123060K [0x00000000e0000000, 0x0000000100000000)
  region size 1024K, 2 young (2048K), 2 survivors (2048K)
 Metaspace       used 131740K, capacity 136206K, committed 137036K, reserved 374784K
  class space    used 15622K, capacity 17255K, committed 17484K, reserved 253952K
}
Event: 8691.832 GC heap before
{Heap before GC invocations=938 (full 0):
 garbage-first heap   total 382976K, used 368820K [0x00000000e0000000, 0x0000000100000000)
  region size 1024K, 181 young (185344K), 2 survivors (2048K)
 Metaspace       used 131750K, capacity 136215K, committed 137036K, reserved 374784K
  class space    used 15623K, capacity 17257K, committed 17484K, reserved 253952K
}
Event: 8691.847 GC heap after
{Heap after GC invocations=939 (full 0):
 garbage-first heap   total 382976K, used 130774K [0x00000000e0000000, 0x0000000100000000)
  region size 1024K, 11 young (11264K), 11 survivors (11264K)
 Metaspace       used 131750K, capacity 136215K, committed 137036K, reserved 374784K
  class space    used 15623K, capacity 17257K, committed 17484K, reserved 253952K
}
Event: 8691.855 GC heap before
{Heap before GC invocations=939 (full 0):
 garbage-first heap   total 382976K, used 136918K [0x00000000e0000000, 0x0000000100000000)
  region size 1024K, 18 young (18432K), 11 survivors (11264K)
 Metaspace       used 131750K, capacity 136215K, committed 137036K, reserved 374784K
  class space    used 15623K, capacity 17257K, committed 17484K, reserved 253952K
}
Event: 8691.869 GC heap after
{Heap after GC invocations=940 (full 0):
 garbage-first heap   total 382976K, used 132511K [0x00000000e0000000, 0x0000000100000000)
  region size 1024K, 3 young (3072K), 3 survivors (3072K)
 Metaspace       used 131750K, capacity 136215K, committed 137036K, reserved 374784K
  class space    used 15623K, capacity 17257K, committed 17484K, reserved 253952K
}
Event: 8692.045 GC heap before
{Heap before GC invocations=940 (full 0):
 garbage-first heap   total 382976K, used 217503K [0x00000000e0000000, 0x0000000100000000)
  region size 1024K, 88 young (90112K), 3 survivors (3072K)
 Metaspace       used 131768K, capacity 136221K, committed 137036K, reserved 374784K
  class space    used 15624K, capacity 17259K, committed 17484K, reserved 253952K
}
Event: 8692.059 GC heap after
{Heap after GC invocations=941 (full 0):
 garbage-first heap   total 382976K, used 135583K [0x00000000e0000000, 0x0000000100000000)
  region size 1024K, 6 young (6144K), 6 survivors (6144K)
 Metaspace       used 131768K, capacity 136221K, committed 137036K, reserved 374784K
  class space    used 15624K, capacity 17259K, committed 17484K, reserved 253952K
}
Event: 8712.567 GC heap before
{Heap before GC invocations=942 (full 0):
 garbage-first heap   total 382976K, used 343455K [0x00000000e0000000, 0x0000000100000000)
  region size 1024K, 147 young (150528K), 6 survivors (6144K)
 Metaspace       used 131809K, capacity 136313K, committed 137036K, reserved 374784K
  class space    used 15625K, capacity 17260K, committed 17484K, reserved 253952K
}
Event: 8712.581 GC heap after
{Heap after GC invocations=943 (full 0):
 garbage-first heap   total 382976K, used 139457K [0x00000000e0000000, 0x0000000100000000)
  region size 1024K, 10 young (10240K), 10 survivors (10240K)
 Metaspace       used 131809K, capacity 136313K, committed 137036K, reserved 374784K
  class space    used 15625K, capacity 17260K, committed 17484K, reserved 253952K
}
Event: 8712.598 GC heap before
{Heap before GC invocations=943 (full 0):
 garbage-first heap   total 382976K, used 147649K [0x00000000e0000000, 0x0000000100000000)
  region size 1024K, 18 young (18432K), 10 survivors (10240K)
 Metaspace       used 131809K, capacity 136313K, committed 137036K, reserved 374784K
  class space    used 15625K, capacity 17260K, committed 17484K, reserved 253952K
}
Event: 8712.616 GC heap after
{Heap after GC invocations=944 (full 0):
 garbage-first heap   total 382976K, used 125580K [0x00000000e0000000, 0x0000000100000000)
  region size 1024K, 2 young (2048K), 2 survivors (2048K)
 Metaspace       used 131809K, capacity 136313K, committed 137036K, reserved 374784K
  class space    used 15625K, capacity 17260K, committed 17484K, reserved 253952K
}
Event: 8714.562 GC heap before
{Heap before GC invocations=944 (full 0):
 garbage-first heap   total 382976K, used 246412K [0x00000000e0000000, 0x0000000100000000)
  region size 1024K, 122 young (124928K), 2 survivors (2048K)
 Metaspace       used 131812K, capacity 136313K, committed 137036K, reserved 374784K
  class space    used 15625K, capacity 17260K, committed 17484K, reserved 253952K
}
Event: 8714.577 GC heap after
{Heap after GC invocations=945 (full 0):
 garbage-first heap   total 382976K, used 131307K [0x00000000e0000000, 0x0000000100000000)
  region size 1024K, 7 young (7168K), 7 survivors (7168K)
 Metaspace       used 131812K, capacity 136313K, committed 137036K, reserved 374784K
  class space    used 15625K, capacity 17260K, committed 17484K, reserved 253952K
}
Event: 8732.708 GC heap before
{Heap before GC invocations=946 (full 0):
 garbage-first heap   total 382976K, used 350443K [0x00000000e0000000, 0x0000000100000000)
  region size 1024K, 160 young (163840K), 7 survivors (7168K)
 Metaspace       used 131830K, capacity 136325K, committed 137036K, reserved 374784K
  class space    used 15626K, capacity 17262K, committed 17484K, reserved 253952K
}
Event: 8732.726 GC heap after
{Heap after GC invocations=947 (full 0):
 garbage-first heap   total 382976K, used 132611K [0x00000000e0000000, 0x0000000100000000)
  region size 1024K, 10 young (10240K), 10 survivors (10240K)
 Metaspace       used 131830K, capacity 136325K, committed 137036K, reserved 374784K
  class space    used 15626K, capacity 17262K, committed 17484K, reserved 253952K
}
Event: 8732.753 GC heap before
{Heap before GC invocations=947 (full 0):
 garbage-first heap   total 382976K, used 140803K [0x00000000e0000000, 0x0000000100000000)
  region size 1024K, 18 young (18432K), 10 survivors (10240K)
 Metaspace       used 131830K, capacity 136325K, committed 137036K, reserved 374784K
  class space    used 15626K, capacity 17262K, committed 17484K, reserved 253952K
}
Event: 8732.776 GC heap after
{Heap after GC invocations=948 (full 0):
 garbage-first heap   total 382976K, used 123983K [0x00000000e0000000, 0x0000000100000000)
  region size 1024K, 1 young (1024K), 1 survivors (1024K)
 Metaspace       used 131830K, capacity 136325K, committed 137036K, reserved 374784K
  class space    used 15626K, capacity 17262K, committed 17484K, reserved 253952K
}
Event: 8734.942 GC heap before
{Heap before GC invocations=948 (full 0):
 garbage-first heap   total 382976K, used 230479K [0x00000000e0000000, 0x0000000100000000)
  region size 1024K, 107 young (109568K), 1 survivors (1024K)
 Metaspace       used 131831K, capacity 136325K, committed 137036K, reserved 374784K
  class space    used 15626K, capacity 17262K, committed 17484K, reserved 253952K
}
Event: 8734.958 GC heap after
{Heap after GC invocations=949 (full 0):
 garbage-first heap   total 382976K, used 129798K [0x00000000e0000000, 0x0000000100000000)
  region size 1024K, 7 young (7168K), 7 survivors (7168K)
 Metaspace       used 131831K, capacity 136325K, committed 137036K, reserved 374784K
  class space    used 15626K, capacity 17262K, committed 17484K, reserved 253952K
}

Deoptimization events (20 events):
Event: 8573.774 Thread 0x0000029569360000 DEOPT PACKING pc=0x00000295591cb501 sp=0x000000cf29cfd190
Event: 8573.774 Thread 0x0000029569360000 DEOPT UNPACKING pc=0x0000029555207c0e sp=0x000000cf29cfcbc0 mode 0
Event: 8618.875 Thread 0x000002956c202000 Uncommon trap: trap_request=0xffffffcc fr.pc=0x000002955eedb7b0 relative=0x00000000000001d0
Event: 8618.875 Thread 0x000002956c202000 Uncommon trap: reason=intrinsic_or_type_checked_inlining action=make_not_entrant pc=0x000002955eedb7b0 method=java.util.stream.SpinedBuffer.copyInto([Ljava/lang/Object;I)V @ 51 c2
Event: 8618.875 Thread 0x000002956c202000 DEOPT PACKING pc=0x000002955eedb7b0 sp=0x000000cf272f8390
Event: 8618.875 Thread 0x000002956c202000 DEOPT UNPACKING pc=0x00000295551e83af sp=0x000000cf272f81c8 mode 2
Event: 8618.875 Thread 0x000002956c202000 Uncommon trap: trap_request=0xffffffcc fr.pc=0x000002955f526518 relative=0x00000000000001b8
Event: 8618.875 Thread 0x000002956c202000 Uncommon trap: reason=intrinsic_or_type_checked_inlining action=make_not_entrant pc=0x000002955f526518 method=java.util.stream.SpinedBuffer.copyInto([Ljava/lang/Object;I)V @ 51 c2
Event: 8618.875 Thread 0x000002956c202000 DEOPT PACKING pc=0x000002955f526518 sp=0x000000cf272f8280
Event: 8618.876 Thread 0x000002956c202000 DEOPT UNPACKING pc=0x00000295551e83af sp=0x000000cf272f8130 mode 2
Event: 8618.984 Thread 0x000002956c202000 DEOPT PACKING pc=0x000002955656e446 sp=0x000000cf272f9d10
Event: 8618.984 Thread 0x000002956c202000 DEOPT UNPACKING pc=0x0000029555207c0e sp=0x000000cf272f91c0 mode 0
Event: 8619.088 Thread 0x000002956c202000 Uncommon trap: trap_request=0xffffffcc fr.pc=0x000002955f52e7dc relative=0x000000000000039c
Event: 8619.088 Thread 0x000002956c202000 Uncommon trap: reason=intrinsic_or_type_checked_inlining action=make_not_entrant pc=0x000002955f52e7dc method=java.util.stream.SpinedBuffer.copyInto([Ljava/lang/Object;I)V @ 87 c2
Event: 8619.088 Thread 0x000002956c202000 DEOPT PACKING pc=0x000002955f52e7dc sp=0x000000cf272f8760
Event: 8619.088 Thread 0x000002956c202000 DEOPT UNPACKING pc=0x00000295551e83af sp=0x000000cf272f86f0 mode 2
Event: 8712.124 Thread 0x000002956e0b6000 DEOPT PACKING pc=0x0000029558ae43f4 sp=0x000000cf281ff180
Event: 8712.124 Thread 0x000002956e0b6000 DEOPT UNPACKING pc=0x0000029555207c0e sp=0x000000cf281fe5c0 mode 0
Event: 8734.822 Thread 0x000002956abef800 DEOPT PACKING pc=0x0000029556dc9318 sp=0x000000cf291fd820
Event: 8734.822 Thread 0x000002956abef800 DEOPT UNPACKING pc=0x0000029555207c0e sp=0x000000cf291fce08 mode 0

Classes redefined (0 events):
No events

Internal exceptions (20 events):
Event: 8712.176 Thread 0x0000029569359800 Exception <a 'sun/nio/fs/WindowsException'{0x00000000f5b3cf80}> (0x00000000f5b3cf80) thrown at [./src/hotspot/share/prims/jni.cpp, line 615]
Event: 8712.176 Thread 0x0000029569359800 Exception <a 'sun/nio/fs/WindowsException'{0x00000000f5b3df60}> (0x00000000f5b3df60) thrown at [./src/hotspot/share/prims/jni.cpp, line 615]
Event: 8714.412 Thread 0x000002956abeb800 Exception <a 'sun/nio/fs/WindowsException'{0x00000000f341e890}> (0x00000000f341e890) thrown at [./src/hotspot/share/prims/jni.cpp, line 615]
Event: 8714.412 Thread 0x000002956abeb800 Exception <a 'sun/nio/fs/WindowsException'{0x00000000f341e978}> (0x00000000f341e978) thrown at [./src/hotspot/share/prims/jni.cpp, line 615]
Event: 8732.170 Thread 0x0000029569359800 Exception <a 'sun/nio/fs/WindowsException'{0x00000000f60124c0}> (0x00000000f60124c0) thrown at [./src/hotspot/share/prims/jni.cpp, line 615]
Event: 8732.184 Thread 0x0000029569359800 Exception <a 'java/lang/NoClassDefFoundError'{0x00000000f5d0f288}: org/jetbrains/kotlin/gradle/plugin/KotlinBasePluginWrapper> (0x00000000f5d0f288) thrown at [./src/hotspot/share/oops/constantPool.cpp, line 775]
Event: 8732.189 Thread 0x0000029569359800 Exception <a 'sun/nio/fs/WindowsException'{0x00000000f5dfaa98}> (0x00000000f5dfaa98) thrown at [./src/hotspot/share/prims/jni.cpp, line 615]
Event: 8732.192 Thread 0x0000029569359800 Exception <a 'sun/nio/fs/WindowsException'{0x00000000f5c93c10}> (0x00000000f5c93c10) thrown at [./src/hotspot/share/prims/jni.cpp, line 615]
Event: 8732.192 Thread 0x0000029569359800 Exception <a 'sun/nio/fs/WindowsException'{0x00000000f5c94ba0}> (0x00000000f5c94ba0) thrown at [./src/hotspot/share/prims/jni.cpp, line 615]
Event: 8732.192 Thread 0x0000029569359800 Exception <a 'sun/nio/fs/WindowsException'{0x00000000f5c95b80}> (0x00000000f5c95b80) thrown at [./src/hotspot/share/prims/jni.cpp, line 615]
Event: 8732.192 Thread 0x0000029569359800 Exception <a 'sun/nio/fs/WindowsException'{0x00000000f5c96b60}> (0x00000000f5c96b60) thrown at [./src/hotspot/share/prims/jni.cpp, line 615]
Event: 8734.800 Thread 0x000002956abef800 Exception <a 'sun/nio/fs/WindowsException'{0x00000000f43c9e30}> (0x00000000f43c9e30) thrown at [./src/hotspot/share/prims/jni.cpp, line 615]
Event: 8734.800 Thread 0x000002956abef800 Exception <a 'sun/nio/fs/WindowsException'{0x00000000f43c9f18}> (0x00000000f43c9f18) thrown at [./src/hotspot/share/prims/jni.cpp, line 615]
Event: 8745.276 Thread 0x0000029569359800 Exception <a 'sun/nio/fs/WindowsException'{0x00000000f6119f60}> (0x00000000f6119f60) thrown at [./src/hotspot/share/prims/jni.cpp, line 615]
Event: 8745.296 Thread 0x0000029569359800 Exception <a 'java/lang/NoClassDefFoundError'{0x00000000f5e17438}: org/jetbrains/kotlin/gradle/plugin/KotlinBasePluginWrapper> (0x00000000f5e17438) thrown at [./src/hotspot/share/oops/constantPool.cpp, line 775]
Event: 8745.301 Thread 0x0000029569359800 Exception <a 'sun/nio/fs/WindowsException'{0x00000000f5efec28}> (0x00000000f5efec28) thrown at [./src/hotspot/share/prims/jni.cpp, line 615]
Event: 8745.306 Thread 0x0000029569359800 Exception <a 'sun/nio/fs/WindowsException'{0x00000000f5d9bb50}> (0x00000000f5d9bb50) thrown at [./src/hotspot/share/prims/jni.cpp, line 615]
Event: 8745.306 Thread 0x0000029569359800 Exception <a 'sun/nio/fs/WindowsException'{0x00000000f5d9cae0}> (0x00000000f5d9cae0) thrown at [./src/hotspot/share/prims/jni.cpp, line 615]
Event: 8745.306 Thread 0x0000029569359800 Exception <a 'sun/nio/fs/WindowsException'{0x00000000f5d9dac0}> (0x00000000f5d9dac0) thrown at [./src/hotspot/share/prims/jni.cpp, line 615]
Event: 8745.306 Thread 0x0000029569359800 Exception <a 'sun/nio/fs/WindowsException'{0x00000000f5d9eaa0}> (0x00000000f5d9eaa0) thrown at [./src/hotspot/share/prims/jni.cpp, line 615]

Events (20 events):
Event: 8745.708 Executing VM operation: RevokeBias
Event: 8745.709 Executing VM operation: RevokeBias done
Event: 8745.713 Executing VM operation: RevokeBias
Event: 8745.713 Executing VM operation: RevokeBias done
Event: 8745.714 Executing VM operation: RevokeBias
Event: 8745.714 Executing VM operation: RevokeBias done
Event: 8745.714 Executing VM operation: RevokeBias
Event: 8745.714 Executing VM operation: RevokeBias done
Event: 8745.714 Executing VM operation: RevokeBias
Event: 8745.715 Executing VM operation: RevokeBias done
Event: 8745.722 Executing VM operation: RevokeBias
Event: 8745.722 Executing VM operation: RevokeBias done
Event: 8745.751 Executing VM operation: RevokeBias
Event: 8745.751 Executing VM operation: RevokeBias done
Event: 8745.751 Executing VM operation: RevokeBias
Event: 8745.751 Executing VM operation: RevokeBias done
Event: 8745.753 Executing VM operation: RevokeBias
Event: 8745.753 Executing VM operation: RevokeBias done
Event: 8745.756 Executing VM operation: RevokeBias
Event: 8745.756 Executing VM operation: RevokeBias done


Dynamic libraries:
0x00007ff7abf30000 - 0x00007ff7abf3a000 	C:\Program Files\Android\Android Studio\jre\bin\java.exe
0x00007ffdc3ec0000 - 0x00007ffdc40c9000 	C:\WINDOWS\SYSTEM32\ntdll.dll
0x00007ffdc3220000 - 0x00007ffdc32dd000 	C:\WINDOWS\System32\KERNEL32.DLL
0x00007ffdc1500000 - 0x00007ffdc1874000 	C:\WINDOWS\System32\KERNELBASE.dll
0x00007ffdc13b0000 - 0x00007ffdc14c1000 	C:\WINDOWS\System32\ucrtbase.dll
0x00007ffdbb750000 - 0x00007ffdbb769000 	C:\Program Files\Android\Android Studio\jre\bin\jli.dll
0x00007ffdbb720000 - 0x00007ffdbb737000 	C:\Program Files\Android\Android Studio\jre\bin\VCRUNTIME140.dll
0x00007ffdc2340000 - 0x00007ffdc24ec000 	C:\WINDOWS\System32\USER32.dll
0x00007ffdc14d0000 - 0x00007ffdc14f6000 	C:\WINDOWS\System32\win32u.dll
0x00007ffdab9a0000 - 0x00007ffdabc45000 	C:\WINDOWS\WinSxS\amd64_microsoft.windows.common-controls_6595b64144ccf1df_6.0.22000.120_none_9d947278b86cc467\COMCTL32.dll
0x00007ffdc2870000 - 0x00007ffdc2899000 	C:\WINDOWS\System32\GDI32.dll
0x00007ffdc1d60000 - 0x00007ffdc1e03000 	C:\WINDOWS\System32\msvcrt.dll
0x00007ffdc19a0000 - 0x00007ffdc1ab2000 	C:\WINDOWS\System32\gdi32full.dll
0x00007ffdc1900000 - 0x00007ffdc199d000 	C:\WINDOWS\System32\msvcp_win.dll
0x00007ffdc1e20000 - 0x00007ffdc1e51000 	C:\WINDOWS\System32\IMM32.DLL
0x00007ffd8d6b0000 - 0x00007ffd8d74d000 	C:\Program Files\Android\Android Studio\jre\bin\msvcp140.dll
0x00007ffd768b0000 - 0x00007ffd77385000 	C:\Program Files\Android\Android Studio\jre\bin\server\jvm.dll
0x00007ffdc2060000 - 0x00007ffdc210e000 	C:\WINDOWS\System32\ADVAPI32.dll
0x00007ffdc1fc0000 - 0x00007ffdc205e000 	C:\WINDOWS\System32\sechost.dll
0x00007ffdc3100000 - 0x00007ffdc3220000 	C:\WINDOWS\System32\RPCRT4.dll
0x00007ffdc22d0000 - 0x00007ffdc22d8000 	C:\WINDOWS\System32\PSAPI.DLL
0x00007ffda9ba0000 - 0x00007ffda9ba9000 	C:\WINDOWS\SYSTEM32\WSOCK32.dll
0x00007ffdbbf50000 - 0x00007ffdbbf83000 	C:\WINDOWS\SYSTEM32\WINMM.dll
0x00007ffdc1e60000 - 0x00007ffdc1ecf000 	C:\WINDOWS\System32\WS2_32.dll
0x00007ffdbba80000 - 0x00007ffdbba8a000 	C:\WINDOWS\SYSTEM32\VERSION.dll
0x00007ffdc04b0000 - 0x00007ffdc04c8000 	C:\WINDOWS\SYSTEM32\kernel.appcore.dll
0x00007ffda9b60000 - 0x00007ffda9b71000 	C:\Program Files\Android\Android Studio\jre\bin\verify.dll
0x00007ffdbf060000 - 0x00007ffdbf281000 	C:\WINDOWS\SYSTEM32\DBGHELP.DLL
0x00007ffda7720000 - 0x00007ffda7751000 	C:\WINDOWS\SYSTEM32\dbgcore.DLL
0x00007ffdc1880000 - 0x00007ffdc18ff000 	C:\WINDOWS\System32\bcryptPrimitives.dll
0x00007ffda9b30000 - 0x00007ffda9b59000 	C:\Program Files\Android\Android Studio\jre\bin\java.dll
0x00007ffda9b20000 - 0x00007ffda9b2b000 	C:\Program Files\Android\Android Studio\jre\bin\jimage.dll
0x00007ffda5a20000 - 0x00007ffda5a38000 	C:\Program Files\Android\Android Studio\jre\bin\zip.dll
0x00007ffdc28a0000 - 0x00007ffdc304e000 	C:\WINDOWS\System32\SHELL32.dll
0x00007ffdbf400000 - 0x00007ffdbfc67000 	C:\WINDOWS\SYSTEM32\windows.storage.dll
0x00007ffdc24f0000 - 0x00007ffdc2868000 	C:\WINDOWS\System32\combase.dll
0x00007ffdbf290000 - 0x00007ffdbf3f6000 	C:\WINDOWS\SYSTEM32\wintypes.dll
0x00007ffdc3a70000 - 0x00007ffdc3b5a000 	C:\WINDOWS\System32\SHCORE.dll
0x00007ffdc22e0000 - 0x00007ffdc233d000 	C:\WINDOWS\System32\shlwapi.dll
0x00007ffdc12e0000 - 0x00007ffdc1301000 	C:\WINDOWS\SYSTEM32\profapi.dll
0x00007ffda5a00000 - 0x00007ffda5a1a000 	C:\Program Files\Android\Android Studio\jre\bin\net.dll
0x00007ffdbbe40000 - 0x00007ffdbbf4c000 	C:\WINDOWS\SYSTEM32\WINHTTP.dll
0x00007ffdc08e0000 - 0x00007ffdc0947000 	C:\WINDOWS\system32\mswsock.dll
0x00007ffda59e0000 - 0x00007ffda59f4000 	C:\Program Files\Android\Android Studio\jre\bin\nio.dll
0x00007ffda9dd0000 - 0x00007ffda9df7000 	C:\Users\Nikita\.gradle\native\8bec1ad78214c89d9ad589b4d07fe93259594b29d510b10fafb7a158f7737e5d\windows-amd64\native-platform.dll
0x00007ffd8d9b0000 - 0x00007ffd8daed000 	C:\Users\Nikita\.gradle\native\53dbd7edfb1c66fb8903c78663c9afc45aea4f116125fa6feffd364cf09443e8\windows-amd64\native-platform-file-events.dll
0x00007ffda9b10000 - 0x00007ffda9b1a000 	C:\Program Files\Android\Android Studio\jre\bin\management.dll
0x00007ffda94d0000 - 0x00007ffda94dd000 	C:\Program Files\Android\Android Studio\jre\bin\management_ext.dll
0x00007ffdc0b20000 - 0x00007ffdc0b38000 	C:\WINDOWS\SYSTEM32\CRYPTSP.dll
0x00007ffdc0410000 - 0x00007ffdc0445000 	C:\WINDOWS\system32\rsaenh.dll
0x00007ffdc09d0000 - 0x00007ffdc09f9000 	C:\WINDOWS\SYSTEM32\USERENV.dll
0x00007ffdc0ca0000 - 0x00007ffdc0cc7000 	C:\WINDOWS\SYSTEM32\bcrypt.dll
0x00007ffdc0b40000 - 0x00007ffdc0b4c000 	C:\WINDOWS\SYSTEM32\CRYPTBASE.dll
0x00007ffdc0020000 - 0x00007ffdc004d000 	C:\WINDOWS\SYSTEM32\IPHLPAPI.DLL
0x00007ffdc1e10000 - 0x00007ffdc1e19000 	C:\WINDOWS\System32\NSI.dll
0x00007ffdbbbf0000 - 0x00007ffdbbc09000 	C:\WINDOWS\SYSTEM32\dhcpcsvc6.DLL
0x00007ffdbcc10000 - 0x00007ffdbcc2e000 	C:\WINDOWS\SYSTEM32\dhcpcsvc.DLL
0x00007ffdc0050000 - 0x00007ffdc0137000 	C:\WINDOWS\SYSTEM32\DNSAPI.dll
0x00007ffd9f8f0000 - 0x00007ffd9f917000 	C:\Program Files\Android\Android Studio\jre\bin\sunec.dll

dbghelp: loaded successfully - version: 4.0.5 - missing functions: none
symbol engine: initialized successfully - sym options: 0x614 - pdb path: .;C:\Program Files\Android\Android Studio\jre\bin;C:\WINDOWS\SYSTEM32;C:\WINDOWS\WinSxS\amd64_microsoft.windows.common-controls_6595b64144ccf1df_6.0.22000.120_none_9d947278b86cc467;C:\Program Files\Android\Android Studio\jre\bin\server;C:\Users\Nikita\.gradle\native\8bec1ad78214c89d9ad589b4d07fe93259594b29d510b10fafb7a158f7737e5d\windows-amd64;C:\Users\Nikita\.gradle\native\53dbd7edfb1c66fb8903c78663c9afc45aea4f116125fa6feffd364cf09443e8\windows-amd64

VM Arguments:
jvm_args: --add-opens=java.base/java.util=ALL-UNNAMED --add-opens=java.base/java.lang=ALL-UNNAMED --add-opens=java.base/java.lang.invoke=ALL-UNNAMED --add-opens=java.base/java.util=ALL-UNNAMED --add-opens=java.prefs/java.util.prefs=ALL-UNNAMED --add-opens=java.prefs/java.util.prefs=ALL-UNNAMED --add-opens=java.base/java.nio.charset=ALL-UNNAMED --add-opens=java.base/java.net=ALL-UNNAMED --add-opens=java.base/java.util.concurrent.atomic=ALL-UNNAMED -XX:MaxMetaspaceSize=256m -XX:+HeapDumpOnOutOfMemoryError -Xms256m -Xmx512m -Dfile.encoding=windows-1252 -Duser.country=IN -Duser.language=en -Duser.variant 
java_command: org.gradle.launcher.daemon.bootstrap.GradleDaemon 7.0.2
java_class_path (initial): C:\Users\Nikita\.gradle\wrapper\dists\gradle-7.0.2-bin\857tjihv64xamwrf0h14cai3r\gradle-7.0.2\lib\gradle-launcher-7.0.2.jar
Launcher Type: SUN_STANDARD

[Global flags]
     intx CICompilerCount                          = 3                                         {product} {ergonomic}
   size_t CompressedClassSpaceSize                 = 260046848                                 {product} {ergonomic}
     uint ConcGCThreads                            = 1                                         {product} {ergonomic}
     uint G1ConcRefinementThreads                  = 4                                         {product} {ergonomic}
   size_t G1HeapRegionSize                         = 1048576                                   {product} {ergonomic}
    uintx GCDrainStackTargetSize                   = 64                                        {product} {ergonomic}
     bool HeapDumpOnOutOfMemoryError               = true                                   {manageable} {command line}
   size_t InitialHeapSize                          = 268435456                                 {product} {command line}
   size_t MarkStackSize                            = 4194304                                   {product} {ergonomic}
   size_t MaxHeapSize                              = 536870912                                 {product} {command line}
   size_t MaxMetaspaceSize                         = 268435456                                 {product} {command line}
   size_t MaxNewSize                               = 321912832                                 {product} {ergonomic}
   size_t MinHeapDeltaBytes                        = 1048576                                   {product} {ergonomic}
    uintx NonNMethodCodeHeapSize                   = 5830732                                {pd product} {ergonomic}
    uintx NonProfiledCodeHeapSize                  = 122913754                              {pd product} {ergonomic}
    uintx ProfiledCodeHeapSize                     = 122913754                              {pd product} {ergonomic}
    uintx ReservedCodeCacheSize                    = 251658240                              {pd product} {ergonomic}
     bool SegmentedCodeCache                       = true                                      {product} {ergonomic}
     bool UseCompressedClassPointers               = true                                 {lp64_product} {ergonomic}
     bool UseCompressedOops                        = true                                 {lp64_product} {ergonomic}
     bool UseG1GC                                  = true                                      {product} {ergonomic}
     bool UseLargePagesIndividualAllocation        = false                                  {pd product} {ergonomic}

Logging:
Log output configuration:
 #0: stdout all=warning uptime,level,tags
 #1: stderr all=off uptime,level,tags

Environment Variables:
PATH=C:\Program Files\Python310\Scripts\;C:\Program Files\Python310\;C:\Program Files (x86)\Common Files\Oracle\Java\javapath;C:\WINDOWS\system32;C:\WINDOWS;C:\WINDOWS\System32\Wbem;C:\WINDOWS\System32\WindowsPowerShell\v1.0\;C:\WINDOWS\System32\OpenSSH\;C:\Program Files (x86)\MySQL\MySQL Utilities 1.3.6\;C:\Program Files\Git\cmd;C:\Users\Nikita\AppData\Local\Microsoft\WindowsApps;C:\Program Files\Java\jdk-13.0.1\bin;C:\Program Files (x86)\Dev-Cpp\MinGW64\bin;C:\Users\Nikita\AppData\Local\Programs\Microsoft VS Code\bin;C:\Program Files\Java\jdk1.8.0_261\bin;
USERNAME=Nikita
OS=Windows_NT
PROCESSOR_IDENTIFIER=Intel64 Family 6 Model 126 Stepping 5, GenuineIntel



---------------  S Y S T E M  ---------------

OS: Windows 10 , 64 bit Build 22000 (10.0.22000.434)
OS uptime: 8 days 8:06 hours

CPU:total 4 (initial active 4) (2 cores per cpu, 2 threads per core) family 6 model 126 stepping 5 microcode 0xa0, cmov, cx8, fxsr, mmx, sse, sse2, sse3, ssse3, sse4.1, sse4.2, popcnt, avx, avx2, aes, clmul, erms, 3dnowpref, lzcnt, ht, tsc, tscinvbit, bmi1, bmi2, adx, evex, sha, fma

Memory: 4k page, system-wide physical 7973M (1242M free)
TotalPageFile size 13484M (AvailPageFile size 3659M)
current process WorkingSet (physical memory assigned to process): 760M, peak: 789M
current process commit charge ("private bytes"): 829M, peak: 860M

vm_info: OpenJDK 64-Bit Server VM (11.0.11+9-b60-7590822) for windows-amd64 JRE (11.0.11+9-b60-7590822), built on Jul 29 2021 21:43:44 by "builder" with MS VC++ 14.0 (VS2015)

END.
